This file contains any messages produced by compilers while
running configure, to aid debugging if configure makes a mistake.

It was created by OpenModelica Exported FMU configure dev, which was
generated by GNU Autoconf 2.69.  Invocation command line was

  $ ./configure --with-dynamic-om-runtime CC=clang CFLAGS=-fPIC -O0 -march=native  LDFLAGS=-L/usr/lib/x86_64-linux-gnu/omc -Wl,-rpath,/usr/lib/x86_64-linux-gnu/omc   -lSimulationRuntimeC -llapack -lblas -lm -lm -lomcgc -lpthread -rdynamic -Wl,--no-undefined

## --------- ##
## Platform. ##
## --------- ##

hostname = iqlworkspace-Vostro-270
uname -m = x86_64
uname -r = 4.15.0-29-generic
uname -s = Linux
uname -v = #31~16.04.1-Ubuntu SMP Wed Jul 18 08:54:04 UTC 2018

/usr/bin/uname -p = unknown
/bin/uname -X     = unknown

/bin/arch              = unknown
/usr/bin/arch -k       = unknown
/usr/convex/getsysinfo = unknown
/usr/bin/hostinfo      = unknown
/bin/machine           = unknown
/usr/bin/oslevel       = unknown
/bin/universe          = unknown

PATH: /home/farkasr/bin
PATH: /home/farkasr/.local/bin
PATH: /usr/local/sbin
PATH: /usr/local/bin
PATH: /usr/sbin
PATH: /usr/bin
PATH: /sbin
PATH: /bin
PATH: /usr/games
PATH: /usr/local/games
PATH: /snap/bin
PATH: /home/farkasr/bin
PATH: /usr/lib/jvm/java-9-openjdk-amd64/bin


## ----------- ##
## Core tests. ##
## ----------- ##

configure:2145: checking build system type
configure:2159: result: x86_64-unknown-linux-gnu
configure:2179: checking host system type
configure:2192: result: x86_64-unknown-linux-gnu
configure:2212: checking target system type
configure:2225: result: x86_64-unknown-linux-gnu
configure:2318: checking for gcc
configure:2345: result: clang
configure:2574: checking for C compiler version
configure:2583: clang --version >&5
clang version 3.8.0-2ubuntu4 (tags/RELEASE_380/final)
Target: x86_64-pc-linux-gnu
Thread model: posix
InstalledDir: /usr/bin
configure:2594: $? = 0
configure:2583: clang -v >&5
clang version 3.8.0-2ubuntu4 (tags/RELEASE_380/final)
Target: x86_64-pc-linux-gnu
Thread model: posix
InstalledDir: /usr/bin
Found candidate GCC installation: /usr/bin/../lib/gcc/i686-linux-gnu/5.4.0
Found candidate GCC installation: /usr/bin/../lib/gcc/i686-linux-gnu/6.0.0
Found candidate GCC installation: /usr/bin/../lib/gcc/x86_64-linux-gnu/5.4.0
Found candidate GCC installation: /usr/bin/../lib/gcc/x86_64-linux-gnu/6.0.0
Found candidate GCC installation: /usr/lib/gcc/i686-linux-gnu/5.4.0
Found candidate GCC installation: /usr/lib/gcc/i686-linux-gnu/6.0.0
... rest of stderr output deleted ...
configure:2594: $? = 0
configure:2583: clang -V >&5
clang: error: argument to '-V' is missing (expected 1 value)
clang: error: no input files
configure:2594: $? = 1
configure:2583: clang -qversion >&5
clang: error: unknown argument: '-qversion'
clang: error: no input files
configure:2594: $? = 1
configure:2614: checking whether the C compiler works
configure:2636: clang -fPIC -O0 -march=native   -L/usr/lib/x86_64-linux-gnu/omc -Wl,-rpath,/usr/lib/x86_64-linux-gnu/omc   -lSimulationRuntimeC -llapack -lblas -lm -lm -lomcgc -lpthread -rdynamic -Wl,--no-undefined conftest.c  >&5
configure:2640: $? = 0
configure:2688: result: yes
configure:2691: checking for C compiler default output file name
configure:2693: result: a.out
configure:2699: checking for suffix of executables
configure:2706: clang -o conftest -fPIC -O0 -march=native   -L/usr/lib/x86_64-linux-gnu/omc -Wl,-rpath,/usr/lib/x86_64-linux-gnu/omc   -lSimulationRuntimeC -llapack -lblas -lm -lm -lomcgc -lpthread -rdynamic -Wl,--no-undefined conftest.c  >&5
configure:2710: $? = 0
configure:2732: result: 
configure:2754: checking whether we are cross compiling
configure:2762: clang -o conftest -fPIC -O0 -march=native   -L/usr/lib/x86_64-linux-gnu/omc -Wl,-rpath,/usr/lib/x86_64-linux-gnu/omc   -lSimulationRuntimeC -llapack -lblas -lm -lm -lomcgc -lpthread -rdynamic -Wl,--no-undefined conftest.c  >&5
configure:2766: $? = 0
configure:2773: ./conftest
configure:2777: $? = 0
configure:2792: result: no
configure:2797: checking for suffix of object files
configure:2819: clang -c -fPIC -O0 -march=native   conftest.c >&5
configure:2823: $? = 0
configure:2844: result: o
configure:2848: checking whether we are using the GNU C compiler
configure:2867: clang -c -fPIC -O0 -march=native   conftest.c >&5
configure:2867: $? = 0
configure:2876: result: yes
configure:2885: checking whether clang accepts -g
configure:2905: clang -c -g  conftest.c >&5
configure:2905: $? = 0
configure:2946: result: yes
configure:2963: checking for clang option to accept ISO C89
configure:3026: clang  -c -fPIC -O0 -march=native   conftest.c >&5
configure:3026: $? = 0
configure:3039: result: none needed
configure:3064: checking how to run the C preprocessor
configure:3095: clang -E  conftest.c
configure:3095: $? = 0
configure:3109: clang -E  conftest.c
conftest.c:9:10: fatal error: 'ac_nonexistent.h' file not found
#include <ac_nonexistent.h>
         ^
1 error generated.
configure:3109: $? = 1
configure: failed program was:
| /* confdefs.h */
| #define PACKAGE_NAME "OpenModelica Exported FMU"
| #define PACKAGE_TARNAME "openmodelica"
| #define PACKAGE_VERSION "dev"
| #define PACKAGE_STRING "OpenModelica Exported FMU dev"
| #define PACKAGE_BUGREPORT "https://trac.openmodelica.org/OpenModelica"
| #define PACKAGE_URL "https://openmodelica.org"
| /* end confdefs.h.  */
| #include <ac_nonexistent.h>
configure:3134: result: clang -E
configure:3154: clang -E  conftest.c
configure:3154: $? = 0
configure:3168: clang -E  conftest.c
conftest.c:9:10: fatal error: 'ac_nonexistent.h' file not found
#include <ac_nonexistent.h>
         ^
1 error generated.
configure:3168: $? = 1
configure: failed program was:
| /* confdefs.h */
| #define PACKAGE_NAME "OpenModelica Exported FMU"
| #define PACKAGE_TARNAME "openmodelica"
| #define PACKAGE_VERSION "dev"
| #define PACKAGE_STRING "OpenModelica Exported FMU dev"
| #define PACKAGE_BUGREPORT "https://trac.openmodelica.org/OpenModelica"
| #define PACKAGE_URL "https://openmodelica.org"
| /* end confdefs.h.  */
| #include <ac_nonexistent.h>
configure:3196: checking whether make sets $(MAKE)
configure:3218: result: yes
configure:3228: checking for cross-compilation flags
configure:3232: result: not cross-compiling
configure:3344: checking if -Werror works
configure:3357: clang -o conftest -fPIC -O0 -march=native  -Werror  -L/usr/lib/x86_64-linux-gnu/omc -Wl,-rpath,/usr/lib/x86_64-linux-gnu/omc   -lSimulationRuntimeC -llapack -lblas -lm -lm -lomcgc -lpthread -rdynamic -Wl,--no-undefined conftest.c  >&5
configure:3357: $? = 0
configure:3358: result: ok
configure:3369: checking looking for --no-undefined
configure:3382: clang -o conftest -fPIC -O0 -march=native   -L/usr/lib/x86_64-linux-gnu/omc -Wl,-rpath,/usr/lib/x86_64-linux-gnu/omc   -lSimulationRuntimeC -llapack -lblas -lm -lm -lomcgc -lpthread -rdynamic -Wl,--no-undefined -Wl,--no-undefined -Werror conftest.c  >&5
configure:3382: $? = 0
configure:3383: result: yes
configure:3394: checking looking for dollars in identifiers
configure:3410: clang -o conftest -fPIC -O0 -march=native   -L/usr/lib/x86_64-linux-gnu/omc -Wl,-rpath,/usr/lib/x86_64-linux-gnu/omc   -lSimulationRuntimeC -llapack -lblas -lm -lm -lomcgc -lpthread -rdynamic -Wl,--no-undefined conftest.c  >&5
conftest.c:10:7: error: expected identifier or '('
void () {}
      ^
conftest.c:11:10: error: macro name missing
#define  
         ^
conftest.c:16:2: error: expected expression
();
 ^
3 errors generated.
configure:3410: $? = 1
configure: failed program was:
| /* confdefs.h */
| #define PACKAGE_NAME "OpenModelica Exported FMU"
| #define PACKAGE_TARNAME "openmodelica"
| #define PACKAGE_VERSION "dev"
| #define PACKAGE_STRING "OpenModelica Exported FMU dev"
| #define PACKAGE_BUGREPORT "https://trac.openmodelica.org/OpenModelica"
| #define PACKAGE_URL "https://openmodelica.org"
| /* end confdefs.h.  */
| 
| void () {}
| #define  
| 
| int
| main ()
| {
| ();
|   ;
|   return 0;
| }
configure:3430: clang -o conftest -fPIC -O0 -march=native   -fdollars-in-identifiers -L/usr/lib/x86_64-linux-gnu/omc -Wl,-rpath,/usr/lib/x86_64-linux-gnu/omc   -lSimulationRuntimeC -llapack -lblas -lm -lm -lomcgc -lpthread -rdynamic -Wl,--no-undefined conftest.c  >&5
configure:3430: $? = 0
configure:3431: result: CPPFLAGS: -fdollars-in-identifiers
configure:3601: clang -o conftest  -fno-stack-protector -Werror  -fdollars-in-identifiers -L/usr/lib/x86_64-linux-gnu/omc -Wl,-rpath,/usr/lib/x86_64-linux-gnu/omc   -lSimulationRuntimeC -llapack -lblas -lm -lm -lomcgc -lpthread -rdynamic -Wl,--no-undefined -shared conftest.c  >&5
configure:3601: $? = 0
configure:3601: clang -o conftest  -Wno-parentheses-equality -Werror  -fdollars-in-identifiers -L/usr/lib/x86_64-linux-gnu/omc -Wl,-rpath,/usr/lib/x86_64-linux-gnu/omc   -lSimulationRuntimeC -llapack -lblas -lm -lm -lomcgc -lpthread -rdynamic -Wl,--no-undefined -shared conftest.c  >&5
configure:3601: $? = 0
configure:3601: clang -o conftest  -Wno-unused-variable -Werror  -fdollars-in-identifiers -L/usr/lib/x86_64-linux-gnu/omc -Wl,-rpath,/usr/lib/x86_64-linux-gnu/omc   -lSimulationRuntimeC -llapack -lblas -lm -lm -lomcgc -lpthread -rdynamic -Wl,--no-undefined -shared conftest.c  >&5
configure:3601: $? = 0
configure:3601: clang -o conftest  -fPIC -Werror  -fdollars-in-identifiers -L/usr/lib/x86_64-linux-gnu/omc -Wl,-rpath,/usr/lib/x86_64-linux-gnu/omc   -lSimulationRuntimeC -llapack -lblas -lm -lm -lomcgc -lpthread -rdynamic -Wl,--no-undefined -shared conftest.c  >&5
configure:3601: $? = 0
configure:3625: clang -o conftest -fPIC -O0 -march=native  -fno-stack-protector -Wno-parentheses-equality -Wno-unused-variable -fPIC  -fdollars-in-identifiers -L/usr/lib/x86_64-linux-gnu/omc -Wl,-rpath,/usr/lib/x86_64-linux-gnu/omc   -lSimulationRuntimeC -llapack -lblas -lm -lm -lomcgc -lpthread -rdynamic -Wl,--no-undefined -shared -static-libgcc conftest.c  >&5
configure:3625: $? = 0
configure:3666: checking for grep that handles long lines and -e
configure:3724: result: /bin/grep
configure:3729: checking for egrep
configure:3791: result: /bin/grep -E
configure:3796: checking for ANSI C header files
configure:3816: clang -c -fPIC -O0 -march=native  -fno-stack-protector -Wno-parentheses-equality -Wno-unused-variable -fPIC  -fdollars-in-identifiers conftest.c >&5
configure:3816: $? = 0
configure:3889: clang -o conftest -fPIC -O0 -march=native  -fno-stack-protector -Wno-parentheses-equality -Wno-unused-variable -fPIC  -fdollars-in-identifiers -L/usr/lib/x86_64-linux-gnu/omc -Wl,-rpath,/usr/lib/x86_64-linux-gnu/omc   -lSimulationRuntimeC -llapack -lblas -lm -lm -lomcgc -lpthread -rdynamic -Wl,--no-undefined -shared -static-libgcc conftest.c  >&5
configure:3889: $? = 0
configure:3889: ./conftest
./configure: line 1582: 30272 Segmentation fault      (core dumped) ./conftest$ac_exeext
configure:3889: $? = 139
configure: program exited with status 139
configure: failed program was:
| /* confdefs.h */
| #define PACKAGE_NAME "OpenModelica Exported FMU"
| #define PACKAGE_TARNAME "openmodelica"
| #define PACKAGE_VERSION "dev"
| #define PACKAGE_STRING "OpenModelica Exported FMU dev"
| #define PACKAGE_BUGREPORT "https://trac.openmodelica.org/OpenModelica"
| #define PACKAGE_URL "https://openmodelica.org"
| /* end confdefs.h.  */
| #include <ctype.h>
| #include <stdlib.h>
| #if ((' ' & 0x0FF) == 0x020)
| # define ISLOWER(c) ('a' <= (c) && (c) <= 'z')
| # define TOUPPER(c) (ISLOWER(c) ? 'A' + ((c) - 'a') : (c))
| #else
| # define ISLOWER(c) 		   (('a' <= (c) && (c) <= 'i') 		     || ('j' <= (c) && (c) <= 'r') 		     || ('s' <= (c) && (c) <= 'z'))
| # define TOUPPER(c) (ISLOWER(c) ? ((c) | 0x40) : (c))
| #endif
| 
| #define XOR(e, f) (((e) && !(f)) || (!(e) && (f)))
| int
| main ()
| {
|   int i;
|   for (i = 0; i < 256; i++)
|     if (XOR (islower (i), ISLOWER (i))
| 	|| toupper (i) != TOUPPER (i))
|       return 2;
|   return 0;
| }
configure:3900: result: no
configure:3909: checking for an ANSI C-conforming const
configure:3975: clang -c -fPIC -O0 -march=native  -fno-stack-protector -Wno-parentheses-equality -Wno-unused-variable -fPIC  -fdollars-in-identifiers conftest.c >&5
configure:3975: $? = 0
configure:3982: result: yes
configure:3995: checking for sys/types.h
configure:3995: clang -c -fPIC -O0 -march=native  -fno-stack-protector -Wno-parentheses-equality -Wno-unused-variable -fPIC  -fdollars-in-identifiers conftest.c >&5
configure:3995: $? = 0
configure:3995: result: yes
configure:3995: checking for sys/stat.h
configure:3995: clang -c -fPIC -O0 -march=native  -fno-stack-protector -Wno-parentheses-equality -Wno-unused-variable -fPIC  -fdollars-in-identifiers conftest.c >&5
configure:3995: $? = 0
configure:3995: result: yes
configure:3995: checking for stdlib.h
configure:3995: clang -c -fPIC -O0 -march=native  -fno-stack-protector -Wno-parentheses-equality -Wno-unused-variable -fPIC  -fdollars-in-identifiers conftest.c >&5
configure:3995: $? = 0
configure:3995: result: yes
configure:3995: checking for string.h
configure:3995: clang -c -fPIC -O0 -march=native  -fno-stack-protector -Wno-parentheses-equality -Wno-unused-variable -fPIC  -fdollars-in-identifiers conftest.c >&5
configure:3995: $? = 0
configure:3995: result: yes
configure:3995: checking for memory.h
configure:3995: clang -c -fPIC -O0 -march=native  -fno-stack-protector -Wno-parentheses-equality -Wno-unused-variable -fPIC  -fdollars-in-identifiers conftest.c >&5
configure:3995: $? = 0
configure:3995: result: yes
configure:3995: checking for strings.h
configure:3995: clang -c -fPIC -O0 -march=native  -fno-stack-protector -Wno-parentheses-equality -Wno-unused-variable -fPIC  -fdollars-in-identifiers conftest.c >&5
configure:3995: $? = 0
configure:3995: result: yes
configure:3995: checking for inttypes.h
configure:3995: clang -c -fPIC -O0 -march=native  -fno-stack-protector -Wno-parentheses-equality -Wno-unused-variable -fPIC  -fdollars-in-identifiers conftest.c >&5
configure:3995: $? = 0
configure:3995: result: yes
configure:3995: checking for stdint.h
configure:3995: clang -c -fPIC -O0 -march=native  -fno-stack-protector -Wno-parentheses-equality -Wno-unused-variable -fPIC  -fdollars-in-identifiers conftest.c >&5
configure:3995: $? = 0
configure:3995: result: yes
configure:3995: checking for unistd.h
configure:3995: clang -c -fPIC -O0 -march=native  -fno-stack-protector -Wno-parentheses-equality -Wno-unused-variable -fPIC  -fdollars-in-identifiers conftest.c >&5
configure:3995: $? = 0
configure:3995: result: yes
configure:4007: checking for size_t
configure:4007: clang -c -fPIC -O0 -march=native  -fno-stack-protector -Wno-parentheses-equality -Wno-unused-variable -fPIC  -fdollars-in-identifiers conftest.c >&5
configure:4007: $? = 0
configure:4007: clang -c -fPIC -O0 -march=native  -fno-stack-protector -Wno-parentheses-equality -Wno-unused-variable -fPIC  -fdollars-in-identifiers conftest.c >&5
conftest.c:54:21: error: expected expression
if (sizeof ((size_t)))
                    ^
1 error generated.
configure:4007: $? = 1
configure: failed program was:
| /* confdefs.h */
| #define PACKAGE_NAME "OpenModelica Exported FMU"
| #define PACKAGE_TARNAME "openmodelica"
| #define PACKAGE_VERSION "dev"
| #define PACKAGE_STRING "OpenModelica Exported FMU dev"
| #define PACKAGE_BUGREPORT "https://trac.openmodelica.org/OpenModelica"
| #define PACKAGE_URL "https://openmodelica.org"
| #define HAVE_SYS_TYPES_H 1
| #define HAVE_SYS_STAT_H 1
| #define HAVE_STDLIB_H 1
| #define HAVE_STRING_H 1
| #define HAVE_MEMORY_H 1
| #define HAVE_STRINGS_H 1
| #define HAVE_INTTYPES_H 1
| #define HAVE_STDINT_H 1
| #define HAVE_UNISTD_H 1
| /* end confdefs.h.  */
| #include <stdio.h>
| #ifdef HAVE_SYS_TYPES_H
| # include <sys/types.h>
| #endif
| #ifdef HAVE_SYS_STAT_H
| # include <sys/stat.h>
| #endif
| #ifdef STDC_HEADERS
| # include <stdlib.h>
| # include <stddef.h>
| #else
| # ifdef HAVE_STDLIB_H
| #  include <stdlib.h>
| # endif
| #endif
| #ifdef HAVE_STRING_H
| # if !defined STDC_HEADERS && defined HAVE_MEMORY_H
| #  include <memory.h>
| # endif
| # include <string.h>
| #endif
| #ifdef HAVE_STRINGS_H
| # include <strings.h>
| #endif
| #ifdef HAVE_INTTYPES_H
| # include <inttypes.h>
| #endif
| #ifdef HAVE_STDINT_H
| # include <stdint.h>
| #endif
| #ifdef HAVE_UNISTD_H
| # include <unistd.h>
| #endif
| int
| main ()
| {
| if (sizeof ((size_t)))
| 	    return 0;
|   ;
|   return 0;
| }
configure:4007: result: yes
configure:4021: checking for vprintf
configure:4021: clang -o conftest -fPIC -O0 -march=native  -fno-stack-protector -Wno-parentheses-equality -Wno-unused-variable -fPIC  -fdollars-in-identifiers -L/usr/lib/x86_64-linux-gnu/omc -Wl,-rpath,/usr/lib/x86_64-linux-gnu/omc   -lSimulationRuntimeC -llapack -lblas -lm -lm -lomcgc -lpthread -rdynamic -Wl,--no-undefined -shared -static-libgcc conftest.c  >&5
conftest.c:41:6: warning: incompatible redeclaration of library function 'vprintf' [-Wincompatible-library-redeclaration]
char vprintf ();
     ^
conftest.c:41:6: note: 'vprintf' is a builtin with type 'int (const char *, struct __va_list_tag *)'
1 warning generated.
configure:4021: $? = 0
configure:4021: result: yes
configure:4027: checking for _doprnt
configure:4027: clang -o conftest -fPIC -O0 -march=native  -fno-stack-protector -Wno-parentheses-equality -Wno-unused-variable -fPIC  -fdollars-in-identifiers -L/usr/lib/x86_64-linux-gnu/omc -Wl,-rpath,/usr/lib/x86_64-linux-gnu/omc   -lSimulationRuntimeC -llapack -lblas -lm -lm -lomcgc -lpthread -rdynamic -Wl,--no-undefined -shared -static-libgcc conftest.c  >&5
/tmp/conftest-28225f.o: In function `main':
conftest.c:(.text+0x12): undefined reference to `_doprnt'
clang: error: linker command failed with exit code 1 (use -v to see invocation)
configure:4027: $? = 1
configure: failed program was:
| /* confdefs.h */
| #define PACKAGE_NAME "OpenModelica Exported FMU"
| #define PACKAGE_TARNAME "openmodelica"
| #define PACKAGE_VERSION "dev"
| #define PACKAGE_STRING "OpenModelica Exported FMU dev"
| #define PACKAGE_BUGREPORT "https://trac.openmodelica.org/OpenModelica"
| #define PACKAGE_URL "https://openmodelica.org"
| #define HAVE_SYS_TYPES_H 1
| #define HAVE_SYS_STAT_H 1
| #define HAVE_STDLIB_H 1
| #define HAVE_STRING_H 1
| #define HAVE_MEMORY_H 1
| #define HAVE_STRINGS_H 1
| #define HAVE_INTTYPES_H 1
| #define HAVE_STDINT_H 1
| #define HAVE_UNISTD_H 1
| #define HAVE_VPRINTF 1
| /* end confdefs.h.  */
| /* Define _doprnt to an innocuous variant, in case <limits.h> declares _doprnt.
|    For example, HP-UX 11i <limits.h> declares gettimeofday.  */
| #define _doprnt innocuous__doprnt
| 
| /* System header to define __stub macros and hopefully few prototypes,
|     which can conflict with char _doprnt (); below.
|     Prefer <limits.h> to <assert.h> if __STDC__ is defined, since
|     <limits.h> exists even on freestanding compilers.  */
| 
| #ifdef __STDC__
| # include <limits.h>
| #else
| # include <assert.h>
| #endif
| 
| #undef _doprnt
| 
| /* Override any GCC internal prototype to avoid an error.
|    Use char because int might match the return type of a GCC
|    builtin and then its argument prototype would still apply.  */
| #ifdef __cplusplus
| extern "C"
| #endif
| char _doprnt ();
| /* The GNU C library defines this for functions which it implements
|     to always fail with ENOSYS.  Some functions are actually named
|     something starting with __ and the normal name is an alias.  */
| #if defined __stub__doprnt || defined __stub____doprnt
| choke me
| #endif
| 
| int
| main ()
| {
| return _doprnt ();
|   ;
|   return 0;
| }
configure:4027: result: no
configure:4041: checking for strdup
configure:4041: clang -o conftest -fPIC -O0 -march=native  -fno-stack-protector -Wno-parentheses-equality -Wno-unused-variable -fPIC  -fdollars-in-identifiers -L/usr/lib/x86_64-linux-gnu/omc -Wl,-rpath,/usr/lib/x86_64-linux-gnu/omc   -lSimulationRuntimeC -llapack -lblas -lm -lm -lomcgc -lpthread -rdynamic -Wl,--no-undefined -shared -static-libgcc conftest.c  >&5
conftest.c:42:6: warning: incompatible redeclaration of library function 'strdup' [-Wincompatible-library-redeclaration]
char strdup ();
     ^
conftest.c:42:6: note: 'strdup' is a builtin with type 'char *(const char *)'
1 warning generated.
configure:4041: $? = 0
configure:4041: result: yes
configure:4041: checking for strerror
configure:4041: clang -o conftest -fPIC -O0 -march=native  -fno-stack-protector -Wno-parentheses-equality -Wno-unused-variable -fPIC  -fdollars-in-identifiers -L/usr/lib/x86_64-linux-gnu/omc -Wl,-rpath,/usr/lib/x86_64-linux-gnu/omc   -lSimulationRuntimeC -llapack -lblas -lm -lm -lomcgc -lpthread -rdynamic -Wl,--no-undefined -shared -static-libgcc conftest.c  >&5
conftest.c:43:6: warning: incompatible redeclaration of library function 'strerror' [-Wincompatible-library-redeclaration]
char strerror ();
     ^
conftest.c:43:6: note: 'strerror' is a builtin with type 'char *(int)'
1 warning generated.
configure:4041: $? = 0
configure:4041: result: yes
configure:4077: checking LAPACK/BLAS flags
configure:4095: clang -o conftest -fPIC -O0 -march=native  -fno-stack-protector -Wno-parentheses-equality -Wno-unused-variable -fPIC  -fdollars-in-identifiers -L/usr/lib/x86_64-linux-gnu/omc -Wl,-rpath,/usr/lib/x86_64-linux-gnu/omc   -lSimulationRuntimeC -llapack -lblas -lm -lm -lomcgc -lpthread -rdynamic -Wl,--no-undefined -shared -static-libgcc conftest.c  -Wl,--no-undefined >&5
configure:4095: $? = 0
configure:4134: clang -o conftest -fPIC -O0 -march=native  -fno-stack-protector -Wno-parentheses-equality -Wno-unused-variable -fPIC  -fdollars-in-identifiers -L/usr/lib/x86_64-linux-gnu/omc -Wl,-rpath,/usr/lib/x86_64-linux-gnu/omc   -lSimulationRuntimeC -llapack -lblas -lm -lm -lomcgc -lpthread -rdynamic -Wl,--no-undefined -shared -static-libgcc conftest.c -shared -Wl,-Bstatic -lopenblas  -Wl,-Bdynamic  -Wl,--no-undefined >&5
/usr/bin/ld: cannot find -lopenblas
clang: error: linker command failed with exit code 1 (use -v to see invocation)
configure:4134: $? = 1
configure: failed program was:
| /* confdefs.h */
| #define PACKAGE_NAME "OpenModelica Exported FMU"
| #define PACKAGE_TARNAME "openmodelica"
| #define PACKAGE_VERSION "dev"
| #define PACKAGE_STRING "OpenModelica Exported FMU dev"
| #define PACKAGE_BUGREPORT "https://trac.openmodelica.org/OpenModelica"
| #define PACKAGE_URL "https://openmodelica.org"
| #define HAVE_SYS_TYPES_H 1
| #define HAVE_SYS_STAT_H 1
| #define HAVE_STDLIB_H 1
| #define HAVE_STRING_H 1
| #define HAVE_MEMORY_H 1
| #define HAVE_STRINGS_H 1
| #define HAVE_INTTYPES_H 1
| #define HAVE_STDINT_H 1
| #define HAVE_UNISTD_H 1
| #define HAVE_VPRINTF 1
| #define HAVE_STRDUP 1
| #define HAVE_STRERROR 1
| /* end confdefs.h.  */
| 
| /* Override any GCC internal prototype to avoid an error.
|    Use char because int might match the return type of a GCC
|    builtin and then its argument prototype would still apply.  */
| #ifdef __cplusplus
| extern "C"
| #endif
| char dgesv_ ();
| int
| main ()
| {
| return dgesv_ ();
|   ;
|   return 0;
| }
configure:4134: clang -o conftest -fPIC -O0 -march=native  -fno-stack-protector -Wno-parentheses-equality -Wno-unused-variable -fPIC  -fdollars-in-identifiers -L/usr/lib/x86_64-linux-gnu/omc -Wl,-rpath,/usr/lib/x86_64-linux-gnu/omc   -lSimulationRuntimeC -llapack -lblas -lm -lm -lomcgc -lpthread -rdynamic -Wl,--no-undefined -shared -static-libgcc conftest.c -shared -Wl,-Bstatic -lopenblas -lgfortran -Wl,-Bdynamic  -Wl,--no-undefined >&5
/usr/bin/ld: cannot find -lopenblas
clang: error: linker command failed with exit code 1 (use -v to see invocation)
configure:4134: $? = 1
configure: failed program was:
| /* confdefs.h */
| #define PACKAGE_NAME "OpenModelica Exported FMU"
| #define PACKAGE_TARNAME "openmodelica"
| #define PACKAGE_VERSION "dev"
| #define PACKAGE_STRING "OpenModelica Exported FMU dev"
| #define PACKAGE_BUGREPORT "https://trac.openmodelica.org/OpenModelica"
| #define PACKAGE_URL "https://openmodelica.org"
| #define HAVE_SYS_TYPES_H 1
| #define HAVE_SYS_STAT_H 1
| #define HAVE_STDLIB_H 1
| #define HAVE_STRING_H 1
| #define HAVE_MEMORY_H 1
| #define HAVE_STRINGS_H 1
| #define HAVE_INTTYPES_H 1
| #define HAVE_STDINT_H 1
| #define HAVE_UNISTD_H 1
| #define HAVE_VPRINTF 1
| #define HAVE_STRDUP 1
| #define HAVE_STRERROR 1
| /* end confdefs.h.  */
| 
| /* Override any GCC internal prototype to avoid an error.
|    Use char because int might match the return type of a GCC
|    builtin and then its argument prototype would still apply.  */
| #ifdef __cplusplus
| extern "C"
| #endif
| char dgesv_ ();
| int
| main ()
| {
| return dgesv_ ();
|   ;
|   return 0;
| }
configure:4134: clang -o conftest -fPIC -O0 -march=native  -fno-stack-protector -Wno-parentheses-equality -Wno-unused-variable -fPIC  -fdollars-in-identifiers -L/usr/lib/x86_64-linux-gnu/omc -Wl,-rpath,/usr/lib/x86_64-linux-gnu/omc   -lSimulationRuntimeC -llapack -lblas -lm -lm -lomcgc -lpthread -rdynamic -Wl,--no-undefined -shared -static-libgcc conftest.c -shared -Wl,-Bstatic -lopenblas -lgfortran -lquadmath -Wl,-Bdynamic  -Wl,--no-undefined >&5
/usr/bin/ld: cannot find -lopenblas
clang: error: linker command failed with exit code 1 (use -v to see invocation)
configure:4134: $? = 1
configure: failed program was:
| /* confdefs.h */
| #define PACKAGE_NAME "OpenModelica Exported FMU"
| #define PACKAGE_TARNAME "openmodelica"
| #define PACKAGE_VERSION "dev"
| #define PACKAGE_STRING "OpenModelica Exported FMU dev"
| #define PACKAGE_BUGREPORT "https://trac.openmodelica.org/OpenModelica"
| #define PACKAGE_URL "https://openmodelica.org"
| #define HAVE_SYS_TYPES_H 1
| #define HAVE_SYS_STAT_H 1
| #define HAVE_STDLIB_H 1
| #define HAVE_STRING_H 1
| #define HAVE_MEMORY_H 1
| #define HAVE_STRINGS_H 1
| #define HAVE_INTTYPES_H 1
| #define HAVE_STDINT_H 1
| #define HAVE_UNISTD_H 1
| #define HAVE_VPRINTF 1
| #define HAVE_STRDUP 1
| #define HAVE_STRERROR 1
| /* end confdefs.h.  */
| 
| /* Override any GCC internal prototype to avoid an error.
|    Use char because int might match the return type of a GCC
|    builtin and then its argument prototype would still apply.  */
| #ifdef __cplusplus
| extern "C"
| #endif
| char dgesv_ ();
| int
| main ()
| {
| return dgesv_ ();
|   ;
|   return 0;
| }
configure:4193: clang -o conftest -fPIC -O0 -march=native  -fno-stack-protector -Wno-parentheses-equality -Wno-unused-variable -fPIC  -fdollars-in-identifiers -L/usr/lib/x86_64-linux-gnu/omc -Wl,-rpath,/usr/lib/x86_64-linux-gnu/omc   -lSimulationRuntimeC -llapack -lblas -lm -lm -lomcgc -lpthread -rdynamic -Wl,--no-undefined -shared -static-libgcc conftest.c -shared -Wl,-Bstatic -lopenblas -Wl,-Bdynamic -lm  -Wl,--no-undefined >&5
/usr/bin/ld: cannot find -lopenblas
clang: error: linker command failed with exit code 1 (use -v to see invocation)
configure:4193: $? = 1
configure: failed program was:
| /* confdefs.h */
| #define PACKAGE_NAME "OpenModelica Exported FMU"
| #define PACKAGE_TARNAME "openmodelica"
| #define PACKAGE_VERSION "dev"
| #define PACKAGE_STRING "OpenModelica Exported FMU dev"
| #define PACKAGE_BUGREPORT "https://trac.openmodelica.org/OpenModelica"
| #define PACKAGE_URL "https://openmodelica.org"
| #define HAVE_SYS_TYPES_H 1
| #define HAVE_SYS_STAT_H 1
| #define HAVE_STDLIB_H 1
| #define HAVE_STRING_H 1
| #define HAVE_MEMORY_H 1
| #define HAVE_STRINGS_H 1
| #define HAVE_INTTYPES_H 1
| #define HAVE_STDINT_H 1
| #define HAVE_UNISTD_H 1
| #define HAVE_VPRINTF 1
| #define HAVE_STRDUP 1
| #define HAVE_STRERROR 1
| /* end confdefs.h.  */
| 
| /* Override any GCC internal prototype to avoid an error.
|    Use char because int might match the return type of a GCC
|    builtin and then its argument prototype would still apply.  */
| #ifdef __cplusplus
| extern "C"
| #endif
| char dgesv_ ();
| int
| main ()
| {
| return dgesv_ ();
|   ;
|   return 0;
| }
configure:4193: clang -o conftest -fPIC -O0 -march=native  -fno-stack-protector -Wno-parentheses-equality -Wno-unused-variable -fPIC  -fdollars-in-identifiers -L/usr/lib/x86_64-linux-gnu/omc -Wl,-rpath,/usr/lib/x86_64-linux-gnu/omc   -lSimulationRuntimeC -llapack -lblas -lm -lm -lomcgc -lpthread -rdynamic -Wl,--no-undefined -shared -static-libgcc conftest.c -shared -Wl,-Bstatic -lopenblas -Wl,-Bdynamic -lpthread  -Wl,--no-undefined >&5
/usr/bin/ld: cannot find -lopenblas
clang: error: linker command failed with exit code 1 (use -v to see invocation)
configure:4193: $? = 1
configure: failed program was:
| /* confdefs.h */
| #define PACKAGE_NAME "OpenModelica Exported FMU"
| #define PACKAGE_TARNAME "openmodelica"
| #define PACKAGE_VERSION "dev"
| #define PACKAGE_STRING "OpenModelica Exported FMU dev"
| #define PACKAGE_BUGREPORT "https://trac.openmodelica.org/OpenModelica"
| #define PACKAGE_URL "https://openmodelica.org"
| #define HAVE_SYS_TYPES_H 1
| #define HAVE_SYS_STAT_H 1
| #define HAVE_STDLIB_H 1
| #define HAVE_STRING_H 1
| #define HAVE_MEMORY_H 1
| #define HAVE_STRINGS_H 1
| #define HAVE_INTTYPES_H 1
| #define HAVE_STDINT_H 1
| #define HAVE_UNISTD_H 1
| #define HAVE_VPRINTF 1
| #define HAVE_STRDUP 1
| #define HAVE_STRERROR 1
| /* end confdefs.h.  */
| 
| /* Override any GCC internal prototype to avoid an error.
|    Use char because int might match the return type of a GCC
|    builtin and then its argument prototype would still apply.  */
| #ifdef __cplusplus
| extern "C"
| #endif
| char dgesv_ ();
| int
| main ()
| {
| return dgesv_ ();
|   ;
|   return 0;
| }
configure:4193: clang -o conftest -fPIC -O0 -march=native  -fno-stack-protector -Wno-parentheses-equality -Wno-unused-variable -fPIC  -fdollars-in-identifiers -L/usr/lib/x86_64-linux-gnu/omc -Wl,-rpath,/usr/lib/x86_64-linux-gnu/omc   -lSimulationRuntimeC -llapack -lblas -lm -lm -lomcgc -lpthread -rdynamic -Wl,--no-undefined -shared -static-libgcc conftest.c -shared -Wl,-Bstatic -lopenblas -Wl,-Bdynamic -lm -lpthread  -Wl,--no-undefined >&5
/usr/bin/ld: cannot find -lopenblas
clang: error: linker command failed with exit code 1 (use -v to see invocation)
configure:4193: $? = 1
configure: failed program was:
| /* confdefs.h */
| #define PACKAGE_NAME "OpenModelica Exported FMU"
| #define PACKAGE_TARNAME "openmodelica"
| #define PACKAGE_VERSION "dev"
| #define PACKAGE_STRING "OpenModelica Exported FMU dev"
| #define PACKAGE_BUGREPORT "https://trac.openmodelica.org/OpenModelica"
| #define PACKAGE_URL "https://openmodelica.org"
| #define HAVE_SYS_TYPES_H 1
| #define HAVE_SYS_STAT_H 1
| #define HAVE_STDLIB_H 1
| #define HAVE_STRING_H 1
| #define HAVE_MEMORY_H 1
| #define HAVE_STRINGS_H 1
| #define HAVE_INTTYPES_H 1
| #define HAVE_STDINT_H 1
| #define HAVE_UNISTD_H 1
| #define HAVE_VPRINTF 1
| #define HAVE_STRDUP 1
| #define HAVE_STRERROR 1
| /* end confdefs.h.  */
| 
| /* Override any GCC internal prototype to avoid an error.
|    Use char because int might match the return type of a GCC
|    builtin and then its argument prototype would still apply.  */
| #ifdef __cplusplus
| extern "C"
| #endif
| char dgesv_ ();
| int
| main ()
| {
| return dgesv_ ();
|   ;
|   return 0;
| }
configure:4134: clang -o conftest -fPIC -O0 -march=native  -fno-stack-protector -Wno-parentheses-equality -Wno-unused-variable -fPIC  -fdollars-in-identifiers -L/usr/lib/x86_64-linux-gnu/omc -Wl,-rpath,/usr/lib/x86_64-linux-gnu/omc   -lSimulationRuntimeC -llapack -lblas -lm -lm -lomcgc -lpthread -rdynamic -Wl,--no-undefined -shared -static-libgcc conftest.c -shared -Wl,-Bstatic -llapack -lblas -lm  -Wl,-Bdynamic  -Wl,--no-undefined >&5
configure:4134: $? = 0
configure:4154: clang -o conftest -fPIC -O0 -march=native  -fno-stack-protector -Wno-parentheses-equality -Wno-unused-variable -fPIC  -fdollars-in-identifiers -L/usr/lib/x86_64-linux-gnu/omc -Wl,-rpath,/usr/lib/x86_64-linux-gnu/omc   -lSimulationRuntimeC -llapack -lblas -lm -lm -lomcgc -lpthread -rdynamic -Wl,--no-undefined -shared -static-libgcc conftest.c -shared -Wl,-Bstatic -llapack -lblas -lm  -Wl,-Bdynamic  -Wl,--no-undefined >&5
configure:4154: $? = 0
configure:4239: result: -Wl,-Bstatic -llapack -lblas -lm  -Wl,-Bdynamic
configure:4325: checking for static pthreads
configure:4353: clang -o conftest -fPIC -O0 -march=native  -fno-stack-protector -Wno-parentheses-equality -Wno-unused-variable -fPIC  -fdollars-in-identifiers -L/usr/lib/x86_64-linux-gnu/omc -Wl,-rpath,/usr/lib/x86_64-linux-gnu/omc   -lSimulationRuntimeC -llapack -lblas -lm -lm -lomcgc -lpthread -rdynamic -Wl,--no-undefined -shared -static-libgcc conftest.c  -Wl,-Bstatic -llapack -lblas -lm  -Wl,-Bdynamic -Wl,-Bstatic -lpthread -Wl,-Bdynamic -shared >&5
configure:4353: $? = 0
configure:4354: result: OK (static)
configure:4423: checking for cos in -lm
configure:4448: clang -o conftest -fPIC -O0 -march=native  -fno-stack-protector -Wno-parentheses-equality -Wno-unused-variable -fPIC  -fdollars-in-identifiers -L/usr/lib/x86_64-linux-gnu/omc -Wl,-rpath,/usr/lib/x86_64-linux-gnu/omc   -lSimulationRuntimeC -llapack -lblas -lm -lm -lomcgc -lpthread -rdynamic -Wl,--no-undefined -shared -static-libgcc conftest.c -lm   -Wl,-Bstatic -llapack -lblas -lm  -Wl,-Bdynamic -Wl,-Bstatic -lpthread -Wl,-Bdynamic >&5
conftest.c:28:6: warning: incompatible redeclaration of library function 'cos' [-Wincompatible-library-redeclaration]
char cos ();
     ^
conftest.c:28:6: note: 'cos' is a builtin with type 'double (double)'
1 warning generated.
configure:4448: $? = 0
configure:4457: result: yes
configure:4471: checking for filesystem access
configure:4484: clang -o conftest -fPIC -O0 -march=native  -fno-stack-protector -Wno-parentheses-equality -Wno-unused-variable -fPIC  -fdollars-in-identifiers -L/usr/lib/x86_64-linux-gnu/omc -Wl,-rpath,/usr/lib/x86_64-linux-gnu/omc   -lSimulationRuntimeC -llapack -lblas -lm -lm -lomcgc -lpthread -rdynamic -Wl,--no-undefined -shared -static-libgcc conftest.c -lm  -Wl,-Bstatic -llapack -lblas -lm  -Wl,-Bdynamic -Wl,-Bstatic -lpthread -Wl,-Bdynamic >&5
configure:4484: $? = 0
configure:4485: result: OK
configure:4690: creating ./config.status

## ---------------------- ##
## Running config.status. ##
## ---------------------- ##

This file was extended by OpenModelica Exported FMU config.status dev, which was
generated by GNU Autoconf 2.69.  Invocation command line was

  CONFIG_FILES    = 
  CONFIG_HEADERS  = 
  CONFIG_LINKS    = 
  CONFIG_COMMANDS = 
  $ ./config.status 

on iqlworkspace-Vostro-270

config.status:747: creating Makefile

## ---------------- ##
## Cache variables. ##
## ---------------- ##

ac_cv_build=x86_64-unknown-linux-gnu
ac_cv_c_compiler_gnu=yes
ac_cv_c_const=yes
ac_cv_env_CC_set=set
ac_cv_env_CC_value=clang
ac_cv_env_CFLAGS_set=set
ac_cv_env_CFLAGS_value='-fPIC -O0 -march=native '
ac_cv_env_CPPFLAGS_set=
ac_cv_env_CPPFLAGS_value=
ac_cv_env_CPP_set=
ac_cv_env_CPP_value=
ac_cv_env_LDFLAGS_set=set
ac_cv_env_LDFLAGS_value='-L/usr/lib/x86_64-linux-gnu/omc -Wl,-rpath,/usr/lib/x86_64-linux-gnu/omc   -lSimulationRuntimeC -llapack -lblas -lm -lm -lomcgc -lpthread -rdynamic -Wl,--no-undefined'
ac_cv_env_LIBS_set=
ac_cv_env_LIBS_value=
ac_cv_env_build_alias_set=
ac_cv_env_build_alias_value=
ac_cv_env_host_alias_set=
ac_cv_env_host_alias_value=
ac_cv_env_target_alias_set=
ac_cv_env_target_alias_value=
ac_cv_func__doprnt=no
ac_cv_func_strdup=yes
ac_cv_func_strerror=yes
ac_cv_func_vprintf=yes
ac_cv_header_inttypes_h=yes
ac_cv_header_memory_h=yes
ac_cv_header_stdc=no
ac_cv_header_stdint_h=yes
ac_cv_header_stdlib_h=yes
ac_cv_header_string_h=yes
ac_cv_header_strings_h=yes
ac_cv_header_sys_stat_h=yes
ac_cv_header_sys_types_h=yes
ac_cv_header_unistd_h=yes
ac_cv_host=x86_64-unknown-linux-gnu
ac_cv_lib_m_cos=yes
ac_cv_objext=o
ac_cv_path_EGREP='/bin/grep -E'
ac_cv_path_GREP=/bin/grep
ac_cv_prog_CPP='clang -E'
ac_cv_prog_ac_ct_CC=clang
ac_cv_prog_cc_c89=
ac_cv_prog_cc_g=yes
ac_cv_prog_make_make_set=yes
ac_cv_target=x86_64-unknown-linux-gnu
ac_cv_type_size_t=yes

## ----------------- ##
## Output variables. ##
## ----------------- ##

AR=''
CC='clang'
CFLAGS='-fPIC -O0 -march=native  -fno-stack-protector -Wno-parentheses-equality -Wno-unused-variable -fPIC'
CPP='clang -E'
CPPFLAGS=' -fdollars-in-identifiers'
DEFS='-DPACKAGE_NAME=\"OpenModelica\ Exported\ FMU\" -DPACKAGE_TARNAME=\"openmodelica\" -DPACKAGE_VERSION=\"dev\" -DPACKAGE_STRING=\"OpenModelica\ Exported\ FMU\ dev\" -DPACKAGE_BUGREPORT=\"https://trac.openmodelica.org/OpenModelica\" -DPACKAGE_URL=\"https://openmodelica.org\" -DHAVE_SYS_TYPES_H=1 -DHAVE_SYS_STAT_H=1 -DHAVE_STDLIB_H=1 -DHAVE_STRING_H=1 -DHAVE_MEMORY_H=1 -DHAVE_STRINGS_H=1 -DHAVE_INTTYPES_H=1 -DHAVE_STDINT_H=1 -DHAVE_UNISTD_H=1 -DHAVE_VPRINTF=1 -DHAVE_STRDUP=1 -DHAVE_STRERROR=1 -DHAVE_LIBM=1'
DLLEXT='.so'
ECHO_C=''
ECHO_N='-n'
ECHO_T=''
EGREP='/bin/grep -E'
EXEEXT=''
FMIPLATFORM='linux64'
GREP='/bin/grep'
LDFLAGS='-L/usr/lib/x86_64-linux-gnu/omc -Wl,-rpath,/usr/lib/x86_64-linux-gnu/omc   -lSimulationRuntimeC -llapack -lblas -lm -lm -lomcgc -lpthread -rdynamic -Wl,--no-undefined -shared -static-libgcc'
LIBOBJS=''
LIBS='-lm  -Wl,-Bstatic -llapack -lblas -lm  -Wl,-Bdynamic -Wl,-Bstatic -lpthread -Wl,-Bdynamic'
LIBTYPE_DYNAMIC='1'
LIBTYPE_STATIC='0'
LTLIBOBJS=''
NEED_DGESV=''
NEED_RUNTIME=''
OBJEXT='o'
PACKAGE_BUGREPORT='https://trac.openmodelica.org/OpenModelica'
PACKAGE_NAME='OpenModelica Exported FMU'
PACKAGE_STRING='OpenModelica Exported FMU dev'
PACKAGE_TARNAME='openmodelica'
PACKAGE_URL='https://openmodelica.org'
PACKAGE_VERSION='dev'
PATH_SEPARATOR=':'
SET_MAKE=''
SHELL='/bin/bash'
ac_ct_CC='clang'
bindir='${exec_prefix}/bin'
build='x86_64-unknown-linux-gnu'
build_alias=''
build_cpu='x86_64'
build_os='linux-gnu'
build_vendor='unknown'
datadir='${datarootdir}'
datarootdir='${prefix}/share'
docdir='${datarootdir}/doc/${PACKAGE_TARNAME}'
dvidir='${docdir}'
exec_prefix='${prefix}'
host='x86_64-unknown-linux-gnu'
host_alias=''
host_cpu='x86_64'
host_os='linux-gnu'
host_vendor='unknown'
htmldir='${docdir}'
includedir='${prefix}/include'
infodir='${datarootdir}/info'
libdir='${exec_prefix}/lib'
libexecdir='${exec_prefix}/libexec'
localedir='${datarootdir}/locale'
localstatedir='${prefix}/var'
mandir='${datarootdir}/man'
oldincludedir='/usr/include'
pdfdir='${docdir}'
prefix='/usr/local'
program_transform_name='s,x,x,'
psdir='${docdir}'
runstatedir='${localstatedir}/run'
sbindir='${exec_prefix}/sbin'
sharedstatedir='${prefix}/com'
sysconfdir='${prefix}/etc'
target='x86_64-unknown-linux-gnu'
target_alias=''
target_cpu='x86_64'
target_os='linux-gnu'
target_vendor='unknown'

## ----------- ##
## confdefs.h. ##
## ----------- ##

/* confdefs.h */
#define PACKAGE_NAME "OpenModelica Exported FMU"
#define PACKAGE_TARNAME "openmodelica"
#define PACKAGE_VERSION "dev"
#define PACKAGE_STRING "OpenModelica Exported FMU dev"
#define PACKAGE_BUGREPORT "https://trac.openmodelica.org/OpenModelica"
#define PACKAGE_URL "https://openmodelica.org"
#define HAVE_SYS_TYPES_H 1
#define HAVE_SYS_STAT_H 1
#define HAVE_STDLIB_H 1
#define HAVE_STRING_H 1
#define HAVE_MEMORY_H 1
#define HAVE_STRINGS_H 1
#define HAVE_INTTYPES_H 1
#define HAVE_STDINT_H 1
#define HAVE_UNISTD_H 1
#define HAVE_VPRINTF 1
#define HAVE_STRDUP 1
#define HAVE_STRERROR 1
#define HAVE_LIBM 1

configure: exit 0
