make: Entering directory '/tmp/OpenModelica_farkasr/OMEdit/ThermostatMonitor_HeatingOnMonitor.fmutmp/sources'
clang -fPIC -O0 -march=native  -fno-stack-protector -Wno-parentheses-equality -Wno-unused-variable -fPIC -fdollars-in-identifiers -Iinclude/ -Iinclude/fmi2 -I.    -DOMC_MODEL_PREFIX=ThermostatMonitor_HeatingOnMonitor -DOMC_NUM_MIXED_SYSTEMS=0 -DOMC_NUM_LINEAR_SYSTEMS=0 -DOMC_NUM_NONLINEAR_SYSTEMS=0 -DOMC_NDELAY_EXPRESSIONS=0 -DOMC_NVAR_STRING=0  -c -o ThermostatMonitor_HeatingOnMonitor_FMU.o ThermostatMonitor_HeatingOnMonitor_FMU.c
clang -fPIC -O0 -march=native  -fno-stack-protector -Wno-parentheses-equality -Wno-unused-variable -fPIC -fdollars-in-identifiers -Iinclude/ -Iinclude/fmi2 -I.    -DOMC_MODEL_PREFIX=ThermostatMonitor_HeatingOnMonitor -DOMC_NUM_MIXED_SYSTEMS=0 -DOMC_NUM_LINEAR_SYSTEMS=0 -DOMC_NUM_NONLINEAR_SYSTEMS=0 -DOMC_NDELAY_EXPRESSIONS=0 -DOMC_NVAR_STRING=0  -c -o ThermostatMonitor_HeatingOnMonitor.o ThermostatMonitor_HeatingOnMonitor.c
clang -fPIC -O0 -march=native  -fno-stack-protector -Wno-parentheses-equality -Wno-unused-variable -fPIC -fdollars-in-identifiers -Iinclude/ -Iinclude/fmi2 -I.    -DOMC_MODEL_PREFIX=ThermostatMonitor_HeatingOnMonitor -DOMC_NUM_MIXED_SYSTEMS=0 -DOMC_NUM_LINEAR_SYSTEMS=0 -DOMC_NUM_NONLINEAR_SYSTEMS=0 -DOMC_NDELAY_EXPRESSIONS=0 -DOMC_NVAR_STRING=0  -c -o ThermostatMonitor_HeatingOnMonitor_functions.o ThermostatMonitor_HeatingOnMonitor_functions.c
clang -fPIC -O0 -march=native  -fno-stack-protector -Wno-parentheses-equality -Wno-unused-variable -fPIC -fdollars-in-identifiers -Iinclude/ -Iinclude/fmi2 -I.    -DOMC_MODEL_PREFIX=ThermostatMonitor_HeatingOnMonitor -DOMC_NUM_MIXED_SYSTEMS=0 -DOMC_NUM_LINEAR_SYSTEMS=0 -DOMC_NUM_NONLINEAR_SYSTEMS=0 -DOMC_NDELAY_EXPRESSIONS=0 -DOMC_NVAR_STRING=0  -c -o ThermostatMonitor_HeatingOnMonitor_records.o ThermostatMonitor_HeatingOnMonitor_records.c
clang -fPIC -O0 -march=native  -fno-stack-protector -Wno-parentheses-equality -Wno-unused-variable -fPIC -fdollars-in-identifiers -Iinclude/ -Iinclude/fmi2 -I.    -DOMC_MODEL_PREFIX=ThermostatMonitor_HeatingOnMonitor -DOMC_NUM_MIXED_SYSTEMS=0 -DOMC_NUM_LINEAR_SYSTEMS=0 -DOMC_NUM_NONLINEAR_SYSTEMS=0 -DOMC_NDELAY_EXPRESSIONS=0 -DOMC_NVAR_STRING=0  -c -o ThermostatMonitor_HeatingOnMonitor_01exo.o ThermostatMonitor_HeatingOnMonitor_01exo.c
clang -fPIC -O0 -march=native  -fno-stack-protector -Wno-parentheses-equality -Wno-unused-variable -fPIC -fdollars-in-identifiers -Iinclude/ -Iinclude/fmi2 -I.    -DOMC_MODEL_PREFIX=ThermostatMonitor_HeatingOnMonitor -DOMC_NUM_MIXED_SYSTEMS=0 -DOMC_NUM_LINEAR_SYSTEMS=0 -DOMC_NUM_NONLINEAR_SYSTEMS=0 -DOMC_NDELAY_EXPRESSIONS=0 -DOMC_NVAR_STRING=0  -c -o ThermostatMonitor_HeatingOnMonitor_02nls.o ThermostatMonitor_HeatingOnMonitor_02nls.c
clang -fPIC -O0 -march=native  -fno-stack-protector -Wno-parentheses-equality -Wno-unused-variable -fPIC -fdollars-in-identifiers -Iinclude/ -Iinclude/fmi2 -I.    -DOMC_MODEL_PREFIX=ThermostatMonitor_HeatingOnMonitor -DOMC_NUM_MIXED_SYSTEMS=0 -DOMC_NUM_LINEAR_SYSTEMS=0 -DOMC_NUM_NONLINEAR_SYSTEMS=0 -DOMC_NDELAY_EXPRESSIONS=0 -DOMC_NVAR_STRING=0  -c -o ThermostatMonitor_HeatingOnMonitor_03lsy.o ThermostatMonitor_HeatingOnMonitor_03lsy.c
In file included from ThermostatMonitor_HeatingOnMonitor_FMU.c:60:
include/fmi2/fmu2_model_interface.c:1016:12: warning: comparison of unsigned expression < 0 is always false [-Wtautological-compare]
    if (vr < 0 || vr >= NUMBER_OF_REALS|| setReal(comp, vr, x[i]) != fmi2OK) { // to be implemented by the includer of this file
        ~~ ^ ~
1 warning generated.
clang -fPIC -O0 -march=native  -fno-stack-protector -Wno-parentheses-equality -Wno-unused-variable -fPIC -fdollars-in-identifiers -Iinclude/ -Iinclude/fmi2 -I.    -DOMC_MODEL_PREFIX=ThermostatMonitor_HeatingOnMonitor -DOMC_NUM_MIXED_SYSTEMS=0 -DOMC_NUM_LINEAR_SYSTEMS=0 -DOMC_NUM_NONLINEAR_SYSTEMS=0 -DOMC_NDELAY_EXPRESSIONS=0 -DOMC_NVAR_STRING=0  -c -o ThermostatMonitor_HeatingOnMonitor_04set.o ThermostatMonitor_HeatingOnMonitor_04set.c
clang -fPIC -O0 -march=native  -fno-stack-protector -Wno-parentheses-equality -Wno-unused-variable -fPIC -fdollars-in-identifiers -Iinclude/ -Iinclude/fmi2 -I.    -DOMC_MODEL_PREFIX=ThermostatMonitor_HeatingOnMonitor -DOMC_NUM_MIXED_SYSTEMS=0 -DOMC_NUM_LINEAR_SYSTEMS=0 -DOMC_NUM_NONLINEAR_SYSTEMS=0 -DOMC_NDELAY_EXPRESSIONS=0 -DOMC_NVAR_STRING=0  -c -o ThermostatMonitor_HeatingOnMonitor_05evt.o ThermostatMonitor_HeatingOnMonitor_05evt.c
clang -fPIC -O0 -march=native  -fno-stack-protector -Wno-parentheses-equality -Wno-unused-variable -fPIC -fdollars-in-identifiers -Iinclude/ -Iinclude/fmi2 -I.    -DOMC_MODEL_PREFIX=ThermostatMonitor_HeatingOnMonitor -DOMC_NUM_MIXED_SYSTEMS=0 -DOMC_NUM_LINEAR_SYSTEMS=0 -DOMC_NUM_NONLINEAR_SYSTEMS=0 -DOMC_NDELAY_EXPRESSIONS=0 -DOMC_NVAR_STRING=0  -c -o ThermostatMonitor_HeatingOnMonitor_06inz.o ThermostatMonitor_HeatingOnMonitor_06inz.c
clang -fPIC -O0 -march=native  -fno-stack-protector -Wno-parentheses-equality -Wno-unused-variable -fPIC -fdollars-in-identifiers -Iinclude/ -Iinclude/fmi2 -I.    -DOMC_MODEL_PREFIX=ThermostatMonitor_HeatingOnMonitor -DOMC_NUM_MIXED_SYSTEMS=0 -DOMC_NUM_LINEAR_SYSTEMS=0 -DOMC_NUM_NONLINEAR_SYSTEMS=0 -DOMC_NDELAY_EXPRESSIONS=0 -DOMC_NVAR_STRING=0  -c -o ThermostatMonitor_HeatingOnMonitor_07dly.o ThermostatMonitor_HeatingOnMonitor_07dly.c
clang -fPIC -O0 -march=native  -fno-stack-protector -Wno-parentheses-equality -Wno-unused-variable -fPIC -fdollars-in-identifiers -Iinclude/ -Iinclude/fmi2 -I.    -DOMC_MODEL_PREFIX=ThermostatMonitor_HeatingOnMonitor -DOMC_NUM_MIXED_SYSTEMS=0 -DOMC_NUM_LINEAR_SYSTEMS=0 -DOMC_NUM_NONLINEAR_SYSTEMS=0 -DOMC_NDELAY_EXPRESSIONS=0 -DOMC_NVAR_STRING=0  -c -o ThermostatMonitor_HeatingOnMonitor_08bnd.o ThermostatMonitor_HeatingOnMonitor_08bnd.c
clang -fPIC -O0 -march=native  -fno-stack-protector -Wno-parentheses-equality -Wno-unused-variable -fPIC -fdollars-in-identifiers -Iinclude/ -Iinclude/fmi2 -I.    -DOMC_MODEL_PREFIX=ThermostatMonitor_HeatingOnMonitor -DOMC_NUM_MIXED_SYSTEMS=0 -DOMC_NUM_LINEAR_SYSTEMS=0 -DOMC_NUM_NONLINEAR_SYSTEMS=0 -DOMC_NDELAY_EXPRESSIONS=0 -DOMC_NVAR_STRING=0  -c -o ThermostatMonitor_HeatingOnMonitor_09alg.o ThermostatMonitor_HeatingOnMonitor_09alg.c
clang -fPIC -O0 -march=native  -fno-stack-protector -Wno-parentheses-equality -Wno-unused-variable -fPIC -fdollars-in-identifiers -Iinclude/ -Iinclude/fmi2 -I.    -DOMC_MODEL_PREFIX=ThermostatMonitor_HeatingOnMonitor -DOMC_NUM_MIXED_SYSTEMS=0 -DOMC_NUM_LINEAR_SYSTEMS=0 -DOMC_NUM_NONLINEAR_SYSTEMS=0 -DOMC_NDELAY_EXPRESSIONS=0 -DOMC_NVAR_STRING=0  -c -o ThermostatMonitor_HeatingOnMonitor_10asr.o ThermostatMonitor_HeatingOnMonitor_10asr.c
clang -fPIC -O0 -march=native  -fno-stack-protector -Wno-parentheses-equality -Wno-unused-variable -fPIC -fdollars-in-identifiers -Iinclude/ -Iinclude/fmi2 -I.    -DOMC_MODEL_PREFIX=ThermostatMonitor_HeatingOnMonitor -DOMC_NUM_MIXED_SYSTEMS=0 -DOMC_NUM_LINEAR_SYSTEMS=0 -DOMC_NUM_NONLINEAR_SYSTEMS=0 -DOMC_NDELAY_EXPRESSIONS=0 -DOMC_NVAR_STRING=0  -c -o ThermostatMonitor_HeatingOnMonitor_11mix.o ThermostatMonitor_HeatingOnMonitor_11mix.c
clang -fPIC -O0 -march=native  -fno-stack-protector -Wno-parentheses-equality -Wno-unused-variable -fPIC -fdollars-in-identifiers -Iinclude/ -Iinclude/fmi2 -I.    -DOMC_MODEL_PREFIX=ThermostatMonitor_HeatingOnMonitor -DOMC_NUM_MIXED_SYSTEMS=0 -DOMC_NUM_LINEAR_SYSTEMS=0 -DOMC_NUM_NONLINEAR_SYSTEMS=0 -DOMC_NDELAY_EXPRESSIONS=0 -DOMC_NVAR_STRING=0  -c -o ThermostatMonitor_HeatingOnMonitor_12jac.o ThermostatMonitor_HeatingOnMonitor_12jac.c
clang -fPIC -O0 -march=native  -fno-stack-protector -Wno-parentheses-equality -Wno-unused-variable -fPIC -fdollars-in-identifiers -Iinclude/ -Iinclude/fmi2 -I.    -DOMC_MODEL_PREFIX=ThermostatMonitor_HeatingOnMonitor -DOMC_NUM_MIXED_SYSTEMS=0 -DOMC_NUM_LINEAR_SYSTEMS=0 -DOMC_NUM_NONLINEAR_SYSTEMS=0 -DOMC_NDELAY_EXPRESSIONS=0 -DOMC_NVAR_STRING=0  -c -o ThermostatMonitor_HeatingOnMonitor_13opt.o ThermostatMonitor_HeatingOnMonitor_13opt.c
clang -fPIC -O0 -march=native  -fno-stack-protector -Wno-parentheses-equality -Wno-unused-variable -fPIC -fdollars-in-identifiers -Iinclude/ -Iinclude/fmi2 -I.    -DOMC_MODEL_PREFIX=ThermostatMonitor_HeatingOnMonitor -DOMC_NUM_MIXED_SYSTEMS=0 -DOMC_NUM_LINEAR_SYSTEMS=0 -DOMC_NUM_NONLINEAR_SYSTEMS=0 -DOMC_NDELAY_EXPRESSIONS=0 -DOMC_NVAR_STRING=0  -c -o ThermostatMonitor_HeatingOnMonitor_14lnz.o ThermostatMonitor_HeatingOnMonitor_14lnz.c
clang -fPIC -O0 -march=native  -fno-stack-protector -Wno-parentheses-equality -Wno-unused-variable -fPIC -fdollars-in-identifiers -Iinclude/ -Iinclude/fmi2 -I.    -DOMC_MODEL_PREFIX=ThermostatMonitor_HeatingOnMonitor -DOMC_NUM_MIXED_SYSTEMS=0 -DOMC_NUM_LINEAR_SYSTEMS=0 -DOMC_NUM_NONLINEAR_SYSTEMS=0 -DOMC_NDELAY_EXPRESSIONS=0 -DOMC_NVAR_STRING=0  -c -o ThermostatMonitor_HeatingOnMonitor_15syn.o ThermostatMonitor_HeatingOnMonitor_15syn.c
clang -fPIC -O0 -march=native  -fno-stack-protector -Wno-parentheses-equality -Wno-unused-variable -fPIC -fdollars-in-identifiers -Iinclude/ -Iinclude/fmi2 -I.    -DOMC_MODEL_PREFIX=ThermostatMonitor_HeatingOnMonitor -DOMC_NUM_MIXED_SYSTEMS=0 -DOMC_NUM_LINEAR_SYSTEMS=0 -DOMC_NUM_NONLINEAR_SYSTEMS=0 -DOMC_NDELAY_EXPRESSIONS=0 -DOMC_NVAR_STRING=0  -c -o ThermostatMonitor_HeatingOnMonitor_16dae.o ThermostatMonitor_HeatingOnMonitor_16dae.c
clang -fPIC -O0 -march=native  -fno-stack-protector -Wno-parentheses-equality -Wno-unused-variable -fPIC -fdollars-in-identifiers -Iinclude/ -Iinclude/fmi2 -I.    -DOMC_MODEL_PREFIX=ThermostatMonitor_HeatingOnMonitor -DOMC_NUM_MIXED_SYSTEMS=0 -DOMC_NUM_LINEAR_SYSTEMS=0 -DOMC_NUM_NONLINEAR_SYSTEMS=0 -DOMC_NDELAY_EXPRESSIONS=0 -DOMC_NVAR_STRING=0  -c -o ThermostatMonitor_HeatingOnMonitor_17inl.o ThermostatMonitor_HeatingOnMonitor_17inl.c
clang -fPIC -O0 -march=native  -fno-stack-protector -Wno-parentheses-equality -Wno-unused-variable -fPIC -fdollars-in-identifiers -Iinclude/ -Iinclude/fmi2 -I.    -DOMC_MODEL_PREFIX=ThermostatMonitor_HeatingOnMonitor -DOMC_NUM_MIXED_SYSTEMS=0 -DOMC_NUM_LINEAR_SYSTEMS=0 -DOMC_NUM_NONLINEAR_SYSTEMS=0 -DOMC_NDELAY_EXPRESSIONS=0 -DOMC_NVAR_STRING=0  -c -o ThermostatMonitor_HeatingOnMonitor_init_fmu.o ThermostatMonitor_HeatingOnMonitor_init_fmu.c
ThermostatMonitor_HeatingOnMonitor_init_fmu.c:56:50: warning: implicit conversion from 'double' to 'modelica_integer' (aka 'long') changes value from 1.797693134862316E+308 to 9223372036854775807 [-Wliteral-conversion]
  modelData->integerVarsData[0].attribute.min = -DBL_MAX;
                                              ~  ^~~~~~~
/usr/lib/llvm-3.8/bin/../lib/clang/3.8.0/include/float.h:107:17: note: expanded from macro 'DBL_MAX'
#define DBL_MAX __DBL_MAX__
                ^~~~~~~~~~~
<built-in>:118:21: note: expanded from here
#define __DBL_MAX__ 1.7976931348623157e+308
                    ^~~~~~~~~~~~~~~~~~~~~~~
ThermostatMonitor_HeatingOnMonitor_init_fmu.c:57:49: warning: implicit conversion from 'double' to 'modelica_integer' (aka 'long') changes value from 1.797693134862316E+308 to 9223372036854775807 [-Wliteral-conversion]
  modelData->integerVarsData[0].attribute.max = DBL_MAX;
                                              ~ ^~~~~~~
/usr/lib/llvm-3.8/bin/../lib/clang/3.8.0/include/float.h:107:17: note: expanded from macro 'DBL_MAX'
#define DBL_MAX __DBL_MAX__
                ^~~~~~~~~~~
<built-in>:118:21: note: expanded from here
#define __DBL_MAX__ 1.7976931348623157e+308
                    ^~~~~~~~~~~~~~~~~~~~~~~
ThermostatMonitor_HeatingOnMonitor_init_fmu.c:69:50: warning: implicit conversion from 'double' to 'modelica_integer' (aka 'long') changes value from 1.797693134862316E+308 to 9223372036854775807 [-Wliteral-conversion]
  modelData->integerVarsData[1].attribute.min = -DBL_MAX;
                                              ~  ^~~~~~~
/usr/lib/llvm-3.8/bin/../lib/clang/3.8.0/include/float.h:107:17: note: expanded from macro 'DBL_MAX'
#define DBL_MAX __DBL_MAX__
                ^~~~~~~~~~~
<built-in>:118:21: note: expanded from here
#define __DBL_MAX__ 1.7976931348623157e+308
                    ^~~~~~~~~~~~~~~~~~~~~~~
ThermostatMonitor_HeatingOnMonitor_init_fmu.c:70:49: warning: implicit conversion from 'double' to 'modelica_integer' (aka 'long') changes value from 1.797693134862316E+308 to 9223372036854775807 [-Wliteral-conversion]
  modelData->integerVarsData[1].attribute.max = DBL_MAX;
                                              ~ ^~~~~~~
/usr/lib/llvm-3.8/bin/../lib/clang/3.8.0/include/float.h:107:17: note: expanded from macro 'DBL_MAX'
#define DBL_MAX __DBL_MAX__
                ^~~~~~~~~~~
<built-in>:118:21: note: expanded from here
#define __DBL_MAX__ 1.7976931348623157e+308
                    ^~~~~~~~~~~~~~~~~~~~~~~
4 warnings generated.
mkdir -p ../binaries/linux64
clang -shared -o ThermostatMonitor_HeatingOnMonitor.so ThermostatMonitor_HeatingOnMonitor_FMU.o ThermostatMonitor_HeatingOnMonitor.o ThermostatMonitor_HeatingOnMonitor_functions.o ThermostatMonitor_HeatingOnMonitor_records.o ThermostatMonitor_HeatingOnMonitor_01exo.o ThermostatMonitor_HeatingOnMonitor_02nls.o ThermostatMonitor_HeatingOnMonitor_03lsy.o ThermostatMonitor_HeatingOnMonitor_04set.o ThermostatMonitor_HeatingOnMonitor_05evt.o ThermostatMonitor_HeatingOnMonitor_06inz.o ThermostatMonitor_HeatingOnMonitor_07dly.o ThermostatMonitor_HeatingOnMonitor_08bnd.o ThermostatMonitor_HeatingOnMonitor_09alg.o ThermostatMonitor_HeatingOnMonitor_10asr.o ThermostatMonitor_HeatingOnMonitor_11mix.o ThermostatMonitor_HeatingOnMonitor_12jac.o ThermostatMonitor_HeatingOnMonitor_13opt.o ThermostatMonitor_HeatingOnMonitor_14lnz.o ThermostatMonitor_HeatingOnMonitor_15syn.o ThermostatMonitor_HeatingOnMonitor_16dae.o ThermostatMonitor_HeatingOnMonitor_17inl.o ThermostatMonitor_HeatingOnMonitor_init_fmu.o  -L"/home/farkasr/git/OMSimulator/StepSizeController/Thermostat"   -L/usr/lib/x86_64-linux-gnu/omc -Wl,-rpath,/usr/lib/x86_64-linux-gnu/omc   -lSimulationRuntimeC -llapack -lblas -lm -lm -lomcgc -lpthread -rdynamic -Wl,--no-undefined -shared -static-libgcc -lm  -Wl,-Bstatic -llapack -lblas -lm  -Wl,-Bdynamic -Wl,-Bstatic -lpthread -Wl,-Bdynamic
cp ThermostatMonitor_HeatingOnMonitor.so ThermostatMonitor_HeatingOnMonitor_FMU.libs config.log ../binaries/linux64/
make distclean
make[1]: Entering directory '/tmp/OpenModelica_farkasr/OMEdit/ThermostatMonitor_HeatingOnMonitor.fmutmp/sources'
rm -f ThermostatMonitor_HeatingOnMonitor.def ThermostatMonitor_HeatingOnMonitor.o ThermostatMonitor_HeatingOnMonitor.a ThermostatMonitor_HeatingOnMonitor.so ThermostatMonitor_HeatingOnMonitor_FMU.o ThermostatMonitor_HeatingOnMonitor.o ThermostatMonitor_HeatingOnMonitor_functions.o ThermostatMonitor_HeatingOnMonitor_records.o ThermostatMonitor_HeatingOnMonitor_01exo.o ThermostatMonitor_HeatingOnMonitor_02nls.o ThermostatMonitor_HeatingOnMonitor_03lsy.o ThermostatMonitor_HeatingOnMonitor_04set.o ThermostatMonitor_HeatingOnMonitor_05evt.o ThermostatMonitor_HeatingOnMonitor_06inz.o ThermostatMonitor_HeatingOnMonitor_07dly.o ThermostatMonitor_HeatingOnMonitor_08bnd.o ThermostatMonitor_HeatingOnMonitor_09alg.o ThermostatMonitor_HeatingOnMonitor_10asr.o ThermostatMonitor_HeatingOnMonitor_11mix.o ThermostatMonitor_HeatingOnMonitor_12jac.o ThermostatMonitor_HeatingOnMonitor_13opt.o ThermostatMonitor_HeatingOnMonitor_14lnz.o ThermostatMonitor_HeatingOnMonitor_15syn.o ThermostatMonitor_HeatingOnMonitor_16dae.o ThermostatMonitor_HeatingOnMonitor_17inl.o ThermostatMonitor_HeatingOnMonitor_init_fmu.o 
rm -f Makefile config.status config.log
make[1]: Leaving directory '/tmp/OpenModelica_farkasr/OMEdit/ThermostatMonitor_HeatingOnMonitor.fmutmp/sources'
cd .. && rm -f ../ThermostatMonitor_HeatingOnMonitor.fmu && zip -r ../ThermostatMonitor_HeatingOnMonitor.fmu *
  adding: binaries/ (stored 0%)
  adding: binaries/linux64/ (stored 0%)
  adding: binaries/linux64/ThermostatMonitor_HeatingOnMonitor.so (deflated 72%)
  adding: binaries/linux64/ThermostatMonitor_HeatingOnMonitor_FMU.libs (stored 0%)
  adding: binaries/linux64/config.log (deflated 86%)
  adding: modelDescription.xml (deflated 66%)
  adding: sources/ (stored 0%)
  adding: sources/config.guess (deflated 70%)
  adding: sources/ThermostatMonitor_HeatingOnMonitor_model.h (deflated 80%)
  adding: sources/ThermostatMonitor_HeatingOnMonitor_14lnz.c (deflated 77%)
  adding: sources/ThermostatMonitor_HeatingOnMonitor_12jac.h (deflated 80%)
  adding: sources/ThermostatMonitor_HeatingOnMonitor_03lsy.c (deflated 56%)
  adding: sources/ThermostatMonitor_HeatingOnMonitor_info.c (deflated 83%)
  adding: sources/ThermostatMonitor_HeatingOnMonitor_11mix.c (deflated 54%)
  adding: sources/ThermostatMonitor_HeatingOnMonitor_includes.h (stored 0%)
  adding: sources/ThermostatMonitor_HeatingOnMonitor.makefile (deflated 2%)
  adding: sources/ThermostatMonitor_HeatingOnMonitor_05evt.c (deflated 73%)
  adding: sources/ThermostatMonitor_HeatingOnMonitor.c (deflated 79%)
  adding: sources/configure (deflated 76%)
  adding: sources/ThermostatMonitor_HeatingOnMonitor_11mix.h (stored 0%)
  adding: sources/ThermostatMonitor_HeatingOnMonitor_06inz.c (deflated 76%)
  adding: sources/install-sh (deflated 61%)
  adding: sources/ThermostatMonitor_HeatingOnMonitor_records.c (deflated 30%)
  adding: sources/ThermostatMonitor_HeatingOnMonitor.log