make: Entering directory '/tmp/OpenModelica_farkasr/OMEdit/ThermostatMonitor_CriticalTemperatureMonitor.fmutmp/sources'
clang -fPIC -O0 -march=native  -fno-stack-protector -Wno-parentheses-equality -Wno-unused-variable -fPIC -fdollars-in-identifiers -Iinclude/ -Iinclude/fmi2 -I.    -DOMC_MODEL_PREFIX=ThermostatMonitor_CriticalTemperatureMonitor -DOMC_NUM_MIXED_SYSTEMS=0 -DOMC_NUM_LINEAR_SYSTEMS=0 -DOMC_NUM_NONLINEAR_SYSTEMS=0 -DOMC_NDELAY_EXPRESSIONS=0 -DOMC_NVAR_STRING=0  -c -o ThermostatMonitor_CriticalTemperatureMonitor_FMU.o ThermostatMonitor_CriticalTemperatureMonitor_FMU.c
clang -fPIC -O0 -march=native  -fno-stack-protector -Wno-parentheses-equality -Wno-unused-variable -fPIC -fdollars-in-identifiers -Iinclude/ -Iinclude/fmi2 -I.    -DOMC_MODEL_PREFIX=ThermostatMonitor_CriticalTemperatureMonitor -DOMC_NUM_MIXED_SYSTEMS=0 -DOMC_NUM_LINEAR_SYSTEMS=0 -DOMC_NUM_NONLINEAR_SYSTEMS=0 -DOMC_NDELAY_EXPRESSIONS=0 -DOMC_NVAR_STRING=0  -c -o ThermostatMonitor_CriticalTemperatureMonitor.o ThermostatMonitor_CriticalTemperatureMonitor.c
clang -fPIC -O0 -march=native  -fno-stack-protector -Wno-parentheses-equality -Wno-unused-variable -fPIC -fdollars-in-identifiers -Iinclude/ -Iinclude/fmi2 -I.    -DOMC_MODEL_PREFIX=ThermostatMonitor_CriticalTemperatureMonitor -DOMC_NUM_MIXED_SYSTEMS=0 -DOMC_NUM_LINEAR_SYSTEMS=0 -DOMC_NUM_NONLINEAR_SYSTEMS=0 -DOMC_NDELAY_EXPRESSIONS=0 -DOMC_NVAR_STRING=0  -c -o ThermostatMonitor_CriticalTemperatureMonitor_functions.o ThermostatMonitor_CriticalTemperatureMonitor_functions.c
clang -fPIC -O0 -march=native  -fno-stack-protector -Wno-parentheses-equality -Wno-unused-variable -fPIC -fdollars-in-identifiers -Iinclude/ -Iinclude/fmi2 -I.    -DOMC_MODEL_PREFIX=ThermostatMonitor_CriticalTemperatureMonitor -DOMC_NUM_MIXED_SYSTEMS=0 -DOMC_NUM_LINEAR_SYSTEMS=0 -DOMC_NUM_NONLINEAR_SYSTEMS=0 -DOMC_NDELAY_EXPRESSIONS=0 -DOMC_NVAR_STRING=0  -c -o ThermostatMonitor_CriticalTemperatureMonitor_records.o ThermostatMonitor_CriticalTemperatureMonitor_records.c
clang -fPIC -O0 -march=native  -fno-stack-protector -Wno-parentheses-equality -Wno-unused-variable -fPIC -fdollars-in-identifiers -Iinclude/ -Iinclude/fmi2 -I.    -DOMC_MODEL_PREFIX=ThermostatMonitor_CriticalTemperatureMonitor -DOMC_NUM_MIXED_SYSTEMS=0 -DOMC_NUM_LINEAR_SYSTEMS=0 -DOMC_NUM_NONLINEAR_SYSTEMS=0 -DOMC_NDELAY_EXPRESSIONS=0 -DOMC_NVAR_STRING=0  -c -o ThermostatMonitor_CriticalTemperatureMonitor_01exo.o ThermostatMonitor_CriticalTemperatureMonitor_01exo.c
clang -fPIC -O0 -march=native  -fno-stack-protector -Wno-parentheses-equality -Wno-unused-variable -fPIC -fdollars-in-identifiers -Iinclude/ -Iinclude/fmi2 -I.    -DOMC_MODEL_PREFIX=ThermostatMonitor_CriticalTemperatureMonitor -DOMC_NUM_MIXED_SYSTEMS=0 -DOMC_NUM_LINEAR_SYSTEMS=0 -DOMC_NUM_NONLINEAR_SYSTEMS=0 -DOMC_NDELAY_EXPRESSIONS=0 -DOMC_NVAR_STRING=0  -c -o ThermostatMonitor_CriticalTemperatureMonitor_02nls.o ThermostatMonitor_CriticalTemperatureMonitor_02nls.c
clang -fPIC -O0 -march=native  -fno-stack-protector -Wno-parentheses-equality -Wno-unused-variable -fPIC -fdollars-in-identifiers -Iinclude/ -Iinclude/fmi2 -I.    -DOMC_MODEL_PREFIX=ThermostatMonitor_CriticalTemperatureMonitor -DOMC_NUM_MIXED_SYSTEMS=0 -DOMC_NUM_LINEAR_SYSTEMS=0 -DOMC_NUM_NONLINEAR_SYSTEMS=0 -DOMC_NDELAY_EXPRESSIONS=0 -DOMC_NVAR_STRING=0  -c -o ThermostatMonitor_CriticalTemperatureMonitor_03lsy.o ThermostatMonitor_CriticalTemperatureMonitor_03lsy.c
In file included from ThermostatMonitor_CriticalTemperatureMonitor_FMU.c:63:
include/fmi2/fmu2_model_interface.c:1016:12: warning: comparison of unsigned expression < 0 is always false [-Wtautological-compare]
    if (vr < 0 || vr >= NUMBER_OF_REALS|| setReal(comp, vr, x[i]) != fmi2OK) { // to be implemented by the includer of this file
        ~~ ^ ~
1 warning generated.
clang -fPIC -O0 -march=native  -fno-stack-protector -Wno-parentheses-equality -Wno-unused-variable -fPIC -fdollars-in-identifiers -Iinclude/ -Iinclude/fmi2 -I.    -DOMC_MODEL_PREFIX=ThermostatMonitor_CriticalTemperatureMonitor -DOMC_NUM_MIXED_SYSTEMS=0 -DOMC_NUM_LINEAR_SYSTEMS=0 -DOMC_NUM_NONLINEAR_SYSTEMS=0 -DOMC_NDELAY_EXPRESSIONS=0 -DOMC_NVAR_STRING=0  -c -o ThermostatMonitor_CriticalTemperatureMonitor_04set.o ThermostatMonitor_CriticalTemperatureMonitor_04set.c
clang -fPIC -O0 -march=native  -fno-stack-protector -Wno-parentheses-equality -Wno-unused-variable -fPIC -fdollars-in-identifiers -Iinclude/ -Iinclude/fmi2 -I.    -DOMC_MODEL_PREFIX=ThermostatMonitor_CriticalTemperatureMonitor -DOMC_NUM_MIXED_SYSTEMS=0 -DOMC_NUM_LINEAR_SYSTEMS=0 -DOMC_NUM_NONLINEAR_SYSTEMS=0 -DOMC_NDELAY_EXPRESSIONS=0 -DOMC_NVAR_STRING=0  -c -o ThermostatMonitor_CriticalTemperatureMonitor_05evt.o ThermostatMonitor_CriticalTemperatureMonitor_05evt.c
clang -fPIC -O0 -march=native  -fno-stack-protector -Wno-parentheses-equality -Wno-unused-variable -fPIC -fdollars-in-identifiers -Iinclude/ -Iinclude/fmi2 -I.    -DOMC_MODEL_PREFIX=ThermostatMonitor_CriticalTemperatureMonitor -DOMC_NUM_MIXED_SYSTEMS=0 -DOMC_NUM_LINEAR_SYSTEMS=0 -DOMC_NUM_NONLINEAR_SYSTEMS=0 -DOMC_NDELAY_EXPRESSIONS=0 -DOMC_NVAR_STRING=0  -c -o ThermostatMonitor_CriticalTemperatureMonitor_06inz.o ThermostatMonitor_CriticalTemperatureMonitor_06inz.c
clang -fPIC -O0 -march=native  -fno-stack-protector -Wno-parentheses-equality -Wno-unused-variable -fPIC -fdollars-in-identifiers -Iinclude/ -Iinclude/fmi2 -I.    -DOMC_MODEL_PREFIX=ThermostatMonitor_CriticalTemperatureMonitor -DOMC_NUM_MIXED_SYSTEMS=0 -DOMC_NUM_LINEAR_SYSTEMS=0 -DOMC_NUM_NONLINEAR_SYSTEMS=0 -DOMC_NDELAY_EXPRESSIONS=0 -DOMC_NVAR_STRING=0  -c -o ThermostatMonitor_CriticalTemperatureMonitor_07dly.o ThermostatMonitor_CriticalTemperatureMonitor_07dly.c
clang -fPIC -O0 -march=native  -fno-stack-protector -Wno-parentheses-equality -Wno-unused-variable -fPIC -fdollars-in-identifiers -Iinclude/ -Iinclude/fmi2 -I.    -DOMC_MODEL_PREFIX=ThermostatMonitor_CriticalTemperatureMonitor -DOMC_NUM_MIXED_SYSTEMS=0 -DOMC_NUM_LINEAR_SYSTEMS=0 -DOMC_NUM_NONLINEAR_SYSTEMS=0 -DOMC_NDELAY_EXPRESSIONS=0 -DOMC_NVAR_STRING=0  -c -o ThermostatMonitor_CriticalTemperatureMonitor_08bnd.o ThermostatMonitor_CriticalTemperatureMonitor_08bnd.c
clang -fPIC -O0 -march=native  -fno-stack-protector -Wno-parentheses-equality -Wno-unused-variable -fPIC -fdollars-in-identifiers -Iinclude/ -Iinclude/fmi2 -I.    -DOMC_MODEL_PREFIX=ThermostatMonitor_CriticalTemperatureMonitor -DOMC_NUM_MIXED_SYSTEMS=0 -DOMC_NUM_LINEAR_SYSTEMS=0 -DOMC_NUM_NONLINEAR_SYSTEMS=0 -DOMC_NDELAY_EXPRESSIONS=0 -DOMC_NVAR_STRING=0  -c -o ThermostatMonitor_CriticalTemperatureMonitor_09alg.o ThermostatMonitor_CriticalTemperatureMonitor_09alg.c
clang -fPIC -O0 -march=native  -fno-stack-protector -Wno-parentheses-equality -Wno-unused-variable -fPIC -fdollars-in-identifiers -Iinclude/ -Iinclude/fmi2 -I.    -DOMC_MODEL_PREFIX=ThermostatMonitor_CriticalTemperatureMonitor -DOMC_NUM_MIXED_SYSTEMS=0 -DOMC_NUM_LINEAR_SYSTEMS=0 -DOMC_NUM_NONLINEAR_SYSTEMS=0 -DOMC_NDELAY_EXPRESSIONS=0 -DOMC_NVAR_STRING=0  -c -o ThermostatMonitor_CriticalTemperatureMonitor_10asr.o ThermostatMonitor_CriticalTemperatureMonitor_10asr.c
clang -fPIC -O0 -march=native  -fno-stack-protector -Wno-parentheses-equality -Wno-unused-variable -fPIC -fdollars-in-identifiers -Iinclude/ -Iinclude/fmi2 -I.    -DOMC_MODEL_PREFIX=ThermostatMonitor_CriticalTemperatureMonitor -DOMC_NUM_MIXED_SYSTEMS=0 -DOMC_NUM_LINEAR_SYSTEMS=0 -DOMC_NUM_NONLINEAR_SYSTEMS=0 -DOMC_NDELAY_EXPRESSIONS=0 -DOMC_NVAR_STRING=0  -c -o ThermostatMonitor_CriticalTemperatureMonitor_11mix.o ThermostatMonitor_CriticalTemperatureMonitor_11mix.c
clang -fPIC -O0 -march=native  -fno-stack-protector -Wno-parentheses-equality -Wno-unused-variable -fPIC -fdollars-in-identifiers -Iinclude/ -Iinclude/fmi2 -I.    -DOMC_MODEL_PREFIX=ThermostatMonitor_CriticalTemperatureMonitor -DOMC_NUM_MIXED_SYSTEMS=0 -DOMC_NUM_LINEAR_SYSTEMS=0 -DOMC_NUM_NONLINEAR_SYSTEMS=0 -DOMC_NDELAY_EXPRESSIONS=0 -DOMC_NVAR_STRING=0  -c -o ThermostatMonitor_CriticalTemperatureMonitor_12jac.o ThermostatMonitor_CriticalTemperatureMonitor_12jac.c
clang -fPIC -O0 -march=native  -fno-stack-protector -Wno-parentheses-equality -Wno-unused-variable -fPIC -fdollars-in-identifiers -Iinclude/ -Iinclude/fmi2 -I.    -DOMC_MODEL_PREFIX=ThermostatMonitor_CriticalTemperatureMonitor -DOMC_NUM_MIXED_SYSTEMS=0 -DOMC_NUM_LINEAR_SYSTEMS=0 -DOMC_NUM_NONLINEAR_SYSTEMS=0 -DOMC_NDELAY_EXPRESSIONS=0 -DOMC_NVAR_STRING=0  -c -o ThermostatMonitor_CriticalTemperatureMonitor_13opt.o ThermostatMonitor_CriticalTemperatureMonitor_13opt.c
clang -fPIC -O0 -march=native  -fno-stack-protector -Wno-parentheses-equality -Wno-unused-variable -fPIC -fdollars-in-identifiers -Iinclude/ -Iinclude/fmi2 -I.    -DOMC_MODEL_PREFIX=ThermostatMonitor_CriticalTemperatureMonitor -DOMC_NUM_MIXED_SYSTEMS=0 -DOMC_NUM_LINEAR_SYSTEMS=0 -DOMC_NUM_NONLINEAR_SYSTEMS=0 -DOMC_NDELAY_EXPRESSIONS=0 -DOMC_NVAR_STRING=0  -c -o ThermostatMonitor_CriticalTemperatureMonitor_14lnz.o ThermostatMonitor_CriticalTemperatureMonitor_14lnz.c
clang -fPIC -O0 -march=native  -fno-stack-protector -Wno-parentheses-equality -Wno-unused-variable -fPIC -fdollars-in-identifiers -Iinclude/ -Iinclude/fmi2 -I.    -DOMC_MODEL_PREFIX=ThermostatMonitor_CriticalTemperatureMonitor -DOMC_NUM_MIXED_SYSTEMS=0 -DOMC_NUM_LINEAR_SYSTEMS=0 -DOMC_NUM_NONLINEAR_SYSTEMS=0 -DOMC_NDELAY_EXPRESSIONS=0 -DOMC_NVAR_STRING=0  -c -o ThermostatMonitor_CriticalTemperatureMonitor_15syn.o ThermostatMonitor_CriticalTemperatureMonitor_15syn.c
clang -fPIC -O0 -march=native  -fno-stack-protector -Wno-parentheses-equality -Wno-unused-variable -fPIC -fdollars-in-identifiers -Iinclude/ -Iinclude/fmi2 -I.    -DOMC_MODEL_PREFIX=ThermostatMonitor_CriticalTemperatureMonitor -DOMC_NUM_MIXED_SYSTEMS=0 -DOMC_NUM_LINEAR_SYSTEMS=0 -DOMC_NUM_NONLINEAR_SYSTEMS=0 -DOMC_NDELAY_EXPRESSIONS=0 -DOMC_NVAR_STRING=0  -c -o ThermostatMonitor_CriticalTemperatureMonitor_16dae.o ThermostatMonitor_CriticalTemperatureMonitor_16dae.c
clang -fPIC -O0 -march=native  -fno-stack-protector -Wno-parentheses-equality -Wno-unused-variable -fPIC -fdollars-in-identifiers -Iinclude/ -Iinclude/fmi2 -I.    -DOMC_MODEL_PREFIX=ThermostatMonitor_CriticalTemperatureMonitor -DOMC_NUM_MIXED_SYSTEMS=0 -DOMC_NUM_LINEAR_SYSTEMS=0 -DOMC_NUM_NONLINEAR_SYSTEMS=0 -DOMC_NDELAY_EXPRESSIONS=0 -DOMC_NVAR_STRING=0  -c -o ThermostatMonitor_CriticalTemperatureMonitor_17inl.o ThermostatMonitor_CriticalTemperatureMonitor_17inl.c
clang -fPIC -O0 -march=native  -fno-stack-protector -Wno-parentheses-equality -Wno-unused-variable -fPIC -fdollars-in-identifiers -Iinclude/ -Iinclude/fmi2 -I.    -DOMC_MODEL_PREFIX=ThermostatMonitor_CriticalTemperatureMonitor -DOMC_NUM_MIXED_SYSTEMS=0 -DOMC_NUM_LINEAR_SYSTEMS=0 -DOMC_NUM_NONLINEAR_SYSTEMS=0 -DOMC_NDELAY_EXPRESSIONS=0 -DOMC_NVAR_STRING=0  -c -o ThermostatMonitor_CriticalTemperatureMonitor_init_fmu.o ThermostatMonitor_CriticalTemperatureMonitor_init_fmu.c
mkdir -p ../binaries/linux64
clang -shared -o ThermostatMonitor_CriticalTemperatureMonitor.so ThermostatMonitor_CriticalTemperatureMonitor_FMU.o ThermostatMonitor_CriticalTemperatureMonitor.o ThermostatMonitor_CriticalTemperatureMonitor_functions.o ThermostatMonitor_CriticalTemperatureMonitor_records.o ThermostatMonitor_CriticalTemperatureMonitor_01exo.o ThermostatMonitor_CriticalTemperatureMonitor_02nls.o ThermostatMonitor_CriticalTemperatureMonitor_03lsy.o ThermostatMonitor_CriticalTemperatureMonitor_04set.o ThermostatMonitor_CriticalTemperatureMonitor_05evt.o ThermostatMonitor_CriticalTemperatureMonitor_06inz.o ThermostatMonitor_CriticalTemperatureMonitor_07dly.o ThermostatMonitor_CriticalTemperatureMonitor_08bnd.o ThermostatMonitor_CriticalTemperatureMonitor_09alg.o ThermostatMonitor_CriticalTemperatureMonitor_10asr.o ThermostatMonitor_CriticalTemperatureMonitor_11mix.o ThermostatMonitor_CriticalTemperatureMonitor_12jac.o ThermostatMonitor_CriticalTemperatureMonitor_13opt.o ThermostatMonitor_CriticalTemperatureMonitor_14lnz.o ThermostatMonitor_CriticalTemperatureMonitor_15syn.o ThermostatMonitor_CriticalTemperatureMonitor_16dae.o ThermostatMonitor_CriticalTemperatureMonitor_17inl.o ThermostatMonitor_CriticalTemperatureMonitor_init_fmu.o  -L"/home/farkasr/git/OMSimulator/StepSizeController/Thermostat"   -L/usr/lib/x86_64-linux-gnu/omc -Wl,-rpath,/usr/lib/x86_64-linux-gnu/omc   -lSimulationRuntimeC -llapack -lblas -lm -lm -lomcgc -lpthread -rdynamic -Wl,--no-undefined -shared -static-libgcc -lm  -Wl,-Bstatic -llapack -lblas -lm  -Wl,-Bdynamic -Wl,-Bstatic -lpthread -Wl,-Bdynamic
cp ThermostatMonitor_CriticalTemperatureMonitor.so ThermostatMonitor_CriticalTemperatureMonitor_FMU.libs config.log ../binaries/linux64/
make distclean
make[1]: Entering directory '/tmp/OpenModelica_farkasr/OMEdit/ThermostatMonitor_CriticalTemperatureMonitor.fmutmp/sources'
rm -f ThermostatMonitor_CriticalTemperatureMonitor.def ThermostatMonitor_CriticalTemperatureMonitor.o ThermostatMonitor_CriticalTemperatureMonitor.a ThermostatMonitor_CriticalTemperatureMonitor.so ThermostatMonitor_CriticalTemperatureMonitor_FMU.o ThermostatMonitor_CriticalTemperatureMonitor.o ThermostatMonitor_CriticalTemperatureMonitor_functions.o ThermostatMonitor_CriticalTemperatureMonitor_records.o ThermostatMonitor_CriticalTemperatureMonitor_01exo.o ThermostatMonitor_CriticalTemperatureMonitor_02nls.o ThermostatMonitor_CriticalTemperatureMonitor_03lsy.o ThermostatMonitor_CriticalTemperatureMonitor_04set.o ThermostatMonitor_CriticalTemperatureMonitor_05evt.o ThermostatMonitor_CriticalTemperatureMonitor_06inz.o ThermostatMonitor_CriticalTemperatureMonitor_07dly.o ThermostatMonitor_CriticalTemperatureMonitor_08bnd.o ThermostatMonitor_CriticalTemperatureMonitor_09alg.o ThermostatMonitor_CriticalTemperatureMonitor_10asr.o ThermostatMonitor_CriticalTemperatureMonitor_11mix.o ThermostatMonitor_CriticalTemperatureMonitor_12jac.o ThermostatMonitor_CriticalTemperatureMonitor_13opt.o ThermostatMonitor_CriticalTemperatureMonitor_14lnz.o ThermostatMonitor_CriticalTemperatureMonitor_15syn.o ThermostatMonitor_CriticalTemperatureMonitor_16dae.o ThermostatMonitor_CriticalTemperatureMonitor_17inl.o ThermostatMonitor_CriticalTemperatureMonitor_init_fmu.o 
rm -f Makefile config.status config.log
make[1]: Leaving directory '/tmp/OpenModelica_farkasr/OMEdit/ThermostatMonitor_CriticalTemperatureMonitor.fmutmp/sources'
cd .. && rm -f ../ThermostatMonitor_CriticalTemperatureMonitor.fmu && zip -r ../ThermostatMonitor_CriticalTemperatureMonitor.fmu *
  adding: binaries/ (stored 0%)
  adding: binaries/linux64/ (stored 0%)
  adding: binaries/linux64/config.log (deflated 86%)
  adding: binaries/linux64/ThermostatMonitor_CriticalTemperatureMonitor.so (deflated 73%)
  adding: binaries/linux64/ThermostatMonitor_CriticalTemperatureMonitor_FMU.libs (stored 0%)
  adding: modelDescription.xml (deflated 71%)
  adding: sources/ (stored 0%)
  adding: sources/ThermostatMonitor_CriticalTemperatureMonitor_14lnz.c (deflated 77%)
  adding: sources/ThermostatMonitor_CriticalTemperatureMonitor_11mix.h (stored 0%)
  adding: sources/config.guess (deflated 70%)
  adding: sources/ThermostatMonitor_CriticalTemperatureMonitor_10asr.c (deflated 41%)
  adding: sources/ThermostatMonitor_CriticalTemperatureMonitor_08bnd.c (deflated 70%)
  adding: sources/ThermostatMonitor_CriticalTemperatureMonitor.c (deflated 81%)
  adding: sources/ThermostatMonitor_CriticalTemperatureMonitor_04set.c (deflated 54%)
  adding: sources/ThermostatMonitor_CriticalTemperatureMonitor_02nls.c (deflated 43%)
  adding: sources/ThermostatMonitor_CriticalTemperatureMonitor_records.c (deflated 31%)
  adding: sources/ThermostatMonitor_CriticalTemperatureMonitor_03lsy.c (deflated 57%)
  adding: sources/ThermostatMonitor_CriticalTemperatureMonitor_12jac.c (deflated 82%)
  adding: sources/configure (deflated 76%)
  adding: sources/ThermostatMonitor_CriticalTemperatureMonitor_13opt.c (deflated 76%)
  adding: sources/ThermostatMonitor_CriticalTemperatureMonitor_07dly.c (deflated 40%)
  adding: sources/ThermostatMonitor_CriticalTemperatureMonitor_init_fmu.c (deflated 88%)
  adding: sources/ThermostatMonitor_CriticalTemperatureMonitor_functions.c (deflated 46%)
  adding: sources/install-sh (deflated 61%)
  adding: sources/ThermostatMonitor_CriticalTemperatureMonitor_06inz.c (deflated 80%)
  adding: sources/ThermostatMonitor_CriticalTemperatureMonitor_17inl.c (deflated 39%)
  adding: sources/config.sub (deflated 71%)
  adding: sources/ThermostatMonitor_CriticalTemperatureMonitor.makefile (deflated 2%)
  adding: sources/ThermostatMonitor_CriticalTemperatureMonitor_literals.h (deflated 33%)
  adding: sources/ThermostatMonitor_CriticalTemperatureMonitor.log