This file contains any messages produced by compilers while
running configure, to aid debugging if configure makes a mistake.

It was created by OpenModelica Exported FMU configure dev, which was
generated by GNU Autoconf 2.69.  Invocation command line was

  $ ./configure --host=x86_64-linux-gnu CFLAGS=-Os -flto LDFLAGS=-flto

## --------- ##
## Platform. ##
## --------- ##

hostname = IQLabs-selmecziz
uname -m = x86_64
uname -r = 4.4.7-040407-lowlatency
uname -s = Linux
uname -v = #201604121331 SMP PREEMPT Tue Apr 12 17:37:46 UTC 2016

/usr/bin/uname -p = unknown
/bin/uname -X     = unknown

/bin/arch              = unknown
/usr/bin/arch -k       = unknown
/usr/convex/getsysinfo = unknown
/usr/bin/hostinfo      = unknown
/bin/machine           = unknown
/usr/bin/oslevel       = unknown
/bin/universe          = unknown

PATH: /usr/local/sbin
PATH: /usr/local/bin
PATH: /usr/sbin
PATH: /usr/bin
PATH: /sbin
PATH: /bin
PATH: /usr/games
PATH: /usr/local/games
PATH: /usr/lib/jvm/java-8-oracle/bin
PATH: /usr/lib/jvm/java-8-oracle/db/bin
PATH: /usr/lib/jvm/java-8-oracle/jre/bin


## ----------- ##
## Core tests. ##
## ----------- ##

configure:2133: checking build system type
configure:2147: result: x86_64-unknown-linux-gnu
configure:2167: checking host system type
configure:2180: result: x86_64-pc-linux-gnu
configure:2200: checking target system type
configure:2213: result: x86_64-pc-linux-gnu
configure:2266: checking for x86_64-linux-gnu-gcc
configure:2282: found /usr/bin/x86_64-linux-gnu-gcc
configure:2293: result: x86_64-linux-gnu-gcc
configure:2562: checking for C compiler version
configure:2571: x86_64-linux-gnu-gcc --version >&5
x86_64-linux-gnu-gcc (Ubuntu 4.8.5-2ubuntu1~14.04.1) 4.8.5
Copyright (C) 2015 Free Software Foundation, Inc.
This is free software; see the source for copying conditions.  There is NO
warranty; not even for MERCHANTABILITY or FITNESS FOR A PARTICULAR PURPOSE.

configure:2582: $? = 0
configure:2571: x86_64-linux-gnu-gcc -v >&5
Using built-in specs.
COLLECT_GCC=x86_64-linux-gnu-gcc
COLLECT_LTO_WRAPPER=/usr/lib/gcc/x86_64-linux-gnu/4.8/lto-wrapper
Target: x86_64-linux-gnu
Configured with: ../src/configure -v --with-pkgversion='Ubuntu 4.8.5-2ubuntu1~14.04.1' --with-bugurl=file:///usr/share/doc/gcc-4.8/README.Bugs --enable-languages=c,c++,java,go,d,fortran,objc,obj-c++ --prefix=/usr --program-suffix=-4.8 --enable-shared --enable-linker-build-id --libexecdir=/usr/lib --without-included-gettext --enable-threads=posix --with-gxx-include-dir=/usr/include/c++/4.8 --libdir=/usr/lib --enable-nls --with-sysroot=/ --enable-clocale=gnu --enable-libstdcxx-debug --enable-libstdcxx-time=yes --enable-gnu-unique-object --disable-libmudflap --enable-plugin --with-system-zlib --disable-browser-plugin --enable-java-awt=gtk --enable-gtk-cairo --with-java-home=/usr/lib/jvm/java-1.5.0-gcj-4.8-amd64/jre --enable-java-home --with-jvm-root-dir=/usr/lib/jvm/java-1.5.0-gcj-4.8-amd64 --with-jvm-jar-dir=/usr/lib/jvm-exports/java-1.5.0-gcj-4.8-amd64 --with-arch-directory=amd64 --with-ecj-jar=/usr/share/java/eclipse-ecj.jar --enable-objc-gc --enable-multiarch --disable-werror --with-arch-32=i686 --with-abi=m64 --with-multilib-list=m32,m64,mx32 --with-tune=generic --enable-checking=release --build=x86_64-linux-gnu --host=x86_64-linux-gnu --target=x86_64-linux-gnu
Thread model: posix
gcc version 4.8.5 (Ubuntu 4.8.5-2ubuntu1~14.04.1) 
configure:2582: $? = 0
configure:2571: x86_64-linux-gnu-gcc -V >&5
x86_64-linux-gnu-gcc: error: unrecognized command line option '-V'
x86_64-linux-gnu-gcc: fatal error: no input files
compilation terminated.
configure:2582: $? = 4
configure:2571: x86_64-linux-gnu-gcc -qversion >&5
x86_64-linux-gnu-gcc: error: unrecognized command line option '-qversion'
x86_64-linux-gnu-gcc: fatal error: no input files
compilation terminated.
configure:2582: $? = 4
configure:2602: checking whether the C compiler works
configure:2624: x86_64-linux-gnu-gcc -Os -flto  -flto conftest.c  >&5
configure:2628: $? = 0
configure:2676: result: yes
configure:2679: checking for C compiler default output file name
configure:2681: result: a.out
configure:2687: checking for suffix of executables
configure:2694: x86_64-linux-gnu-gcc -o conftest -Os -flto  -flto conftest.c  >&5
configure:2698: $? = 0
configure:2720: result: 
configure:2742: checking whether we are cross compiling
configure:2750: x86_64-linux-gnu-gcc -o conftest -Os -flto  -flto conftest.c  >&5
configure:2754: $? = 0
configure:2761: ./conftest
configure:2765: $? = 0
configure:2780: result: no
configure:2785: checking for suffix of object files
configure:2807: x86_64-linux-gnu-gcc -c -Os -flto  conftest.c >&5
configure:2811: $? = 0
configure:2832: result: o
configure:2836: checking whether we are using the GNU C compiler
configure:2855: x86_64-linux-gnu-gcc -c -Os -flto  conftest.c >&5
configure:2855: $? = 0
configure:2864: result: yes
configure:2873: checking whether x86_64-linux-gnu-gcc accepts -g
configure:2893: x86_64-linux-gnu-gcc -c -g  conftest.c >&5
configure:2893: $? = 0
configure:2934: result: yes
configure:2951: checking for x86_64-linux-gnu-gcc option to accept ISO C89
configure:3014: x86_64-linux-gnu-gcc  -c -Os -flto  conftest.c >&5
configure:3014: $? = 0
configure:3027: result: none needed
configure:3052: checking how to run the C preprocessor
configure:3083: x86_64-linux-gnu-gcc -E  conftest.c
configure:3083: $? = 0
configure:3097: x86_64-linux-gnu-gcc -E  conftest.c
conftest.c:9:28: fatal error: ac_nonexistent.h: No such file or directory
 #include <ac_nonexistent.h>
                            ^
compilation terminated.
configure:3097: $? = 1
configure: failed program was:
| /* confdefs.h */
| #define PACKAGE_NAME "OpenModelica Exported FMU"
| #define PACKAGE_TARNAME "openmodelica"
| #define PACKAGE_VERSION "dev"
| #define PACKAGE_STRING "OpenModelica Exported FMU dev"
| #define PACKAGE_BUGREPORT "https://trac.openmodelica.org/OpenModelica"
| #define PACKAGE_URL "https://openmodelica.org"
| /* end confdefs.h.  */
| #include <ac_nonexistent.h>
configure:3122: result: x86_64-linux-gnu-gcc -E
configure:3142: x86_64-linux-gnu-gcc -E  conftest.c
configure:3142: $? = 0
configure:3156: x86_64-linux-gnu-gcc -E  conftest.c
conftest.c:9:28: fatal error: ac_nonexistent.h: No such file or directory
 #include <ac_nonexistent.h>
                            ^
compilation terminated.
configure:3156: $? = 1
configure: failed program was:
| /* confdefs.h */
| #define PACKAGE_NAME "OpenModelica Exported FMU"
| #define PACKAGE_TARNAME "openmodelica"
| #define PACKAGE_VERSION "dev"
| #define PACKAGE_STRING "OpenModelica Exported FMU dev"
| #define PACKAGE_BUGREPORT "https://trac.openmodelica.org/OpenModelica"
| #define PACKAGE_URL "https://openmodelica.org"
| /* end confdefs.h.  */
| #include <ac_nonexistent.h>
configure:3184: checking whether make sets $(MAKE)
configure:3206: result: yes
configure:3216: checking for cross-compilation flags
configure:3220: result: not cross-compiling
configure:3332: checking if -Werror works
configure:3345: x86_64-linux-gnu-gcc -o conftest -Os -flto -Werror  -flto conftest.c  >&5
configure:3345: $? = 0
configure:3346: result: ok
configure:3357: checking looking for --no-undefined
configure:3370: x86_64-linux-gnu-gcc -o conftest -Os -flto  -flto -Wl,--no-undefined -Werror conftest.c  >&5
configure:3370: $? = 0
configure:3371: result: yes
configure:3382: checking looking for dollars in identifiers
configure:3398: x86_64-linux-gnu-gcc -o conftest -Os -flto  -flto conftest.c  >&5
conftest.c:10:7: error: expected identifier or '(' before ')' token
 void () {}
       ^
conftest.c:11:10: error: no macro name given in #define directive
 #define  
          ^
conftest.c: In function 'main':
conftest.c:16:2: error: expected expression before ')' token
 ();
  ^
configure:3398: $? = 1
configure: failed program was:
| /* confdefs.h */
| #define PACKAGE_NAME "OpenModelica Exported FMU"
| #define PACKAGE_TARNAME "openmodelica"
| #define PACKAGE_VERSION "dev"
| #define PACKAGE_STRING "OpenModelica Exported FMU dev"
| #define PACKAGE_BUGREPORT "https://trac.openmodelica.org/OpenModelica"
| #define PACKAGE_URL "https://openmodelica.org"
| /* end confdefs.h.  */
| 
| void () {}
| #define  
| 
| int
| main ()
| {
| ();
|   ;
|   return 0;
| }
configure:3418: x86_64-linux-gnu-gcc -o conftest -Os -flto  -fdollars-in-identifiers -flto conftest.c  >&5
configure:3418: $? = 0
configure:3419: result: CPPFLAGS: -fdollars-in-identifiers
configure:3589: x86_64-linux-gnu-gcc -o conftest  -fno-stack-protector -Werror  -fdollars-in-identifiers -flto -shared conftest.c  >&5
configure:3589: $? = 0
configure:3589: x86_64-linux-gnu-gcc -o conftest  -Wno-parentheses-equality -Werror  -fdollars-in-identifiers -flto -shared conftest.c  >&5
configure:3589: $? = 0
configure:3589: x86_64-linux-gnu-gcc -o conftest  -Wno-unused-variable -Werror  -fdollars-in-identifiers -flto -shared conftest.c  >&5
configure:3589: $? = 0
configure:3589: x86_64-linux-gnu-gcc -o conftest  -fPIC -Werror  -fdollars-in-identifiers -flto -shared conftest.c  >&5
configure:3589: $? = 0
configure:3613: x86_64-linux-gnu-gcc -o conftest -Os -flto -fno-stack-protector -Wno-parentheses-equality -Wno-unused-variable -fPIC  -fdollars-in-identifiers -flto -shared -static-libgcc conftest.c  >&5
configure:3613: $? = 0
configure:3654: checking for grep that handles long lines and -e
configure:3712: result: /bin/grep
configure:3717: checking for egrep
configure:3779: result: /bin/grep -E
configure:3784: checking for ANSI C header files
configure:3804: x86_64-linux-gnu-gcc -c -Os -flto -fno-stack-protector -Wno-parentheses-equality -Wno-unused-variable -fPIC  -fdollars-in-identifiers conftest.c >&5
configure:3804: $? = 0
configure:3877: x86_64-linux-gnu-gcc -o conftest -Os -flto -fno-stack-protector -Wno-parentheses-equality -Wno-unused-variable -fPIC  -fdollars-in-identifiers -flto -shared -static-libgcc conftest.c  >&5
configure:3877: $? = 0
configure:3877: ./conftest
./configure: line 1570:  6782 Segmentation fault      (core dumped) ./conftest$ac_exeext
configure:3877: $? = 139
configure: program exited with status 139
configure: failed program was:
| /* confdefs.h */
| #define PACKAGE_NAME "OpenModelica Exported FMU"
| #define PACKAGE_TARNAME "openmodelica"
| #define PACKAGE_VERSION "dev"
| #define PACKAGE_STRING "OpenModelica Exported FMU dev"
| #define PACKAGE_BUGREPORT "https://trac.openmodelica.org/OpenModelica"
| #define PACKAGE_URL "https://openmodelica.org"
| /* end confdefs.h.  */
| #include <ctype.h>
| #include <stdlib.h>
| #if ((' ' & 0x0FF) == 0x020)
| # define ISLOWER(c) ('a' <= (c) && (c) <= 'z')
| # define TOUPPER(c) (ISLOWER(c) ? 'A' + ((c) - 'a') : (c))
| #else
| # define ISLOWER(c) 		   (('a' <= (c) && (c) <= 'i') 		     || ('j' <= (c) && (c) <= 'r') 		     || ('s' <= (c) && (c) <= 'z'))
| # define TOUPPER(c) (ISLOWER(c) ? ((c) | 0x40) : (c))
| #endif
| 
| #define XOR(e, f) (((e) && !(f)) || (!(e) && (f)))
| int
| main ()
| {
|   int i;
|   for (i = 0; i < 256; i++)
|     if (XOR (islower (i), ISLOWER (i))
| 	|| toupper (i) != TOUPPER (i))
|       return 2;
|   return 0;
| }
configure:3888: result: no
configure:3897: checking for an ANSI C-conforming const
configure:3963: x86_64-linux-gnu-gcc -c -Os -flto -fno-stack-protector -Wno-parentheses-equality -Wno-unused-variable -fPIC  -fdollars-in-identifiers conftest.c >&5
configure:3963: $? = 0
configure:3970: result: yes
configure:3983: checking for sys/types.h
configure:3983: x86_64-linux-gnu-gcc -c -Os -flto -fno-stack-protector -Wno-parentheses-equality -Wno-unused-variable -fPIC  -fdollars-in-identifiers conftest.c >&5
configure:3983: $? = 0
configure:3983: result: yes
configure:3983: checking for sys/stat.h
configure:3983: x86_64-linux-gnu-gcc -c -Os -flto -fno-stack-protector -Wno-parentheses-equality -Wno-unused-variable -fPIC  -fdollars-in-identifiers conftest.c >&5
configure:3983: $? = 0
configure:3983: result: yes
configure:3983: checking for stdlib.h
configure:3983: x86_64-linux-gnu-gcc -c -Os -flto -fno-stack-protector -Wno-parentheses-equality -Wno-unused-variable -fPIC  -fdollars-in-identifiers conftest.c >&5
configure:3983: $? = 0
configure:3983: result: yes
configure:3983: checking for string.h
configure:3983: x86_64-linux-gnu-gcc -c -Os -flto -fno-stack-protector -Wno-parentheses-equality -Wno-unused-variable -fPIC  -fdollars-in-identifiers conftest.c >&5
configure:3983: $? = 0
configure:3983: result: yes
configure:3983: checking for memory.h
configure:3983: x86_64-linux-gnu-gcc -c -Os -flto -fno-stack-protector -Wno-parentheses-equality -Wno-unused-variable -fPIC  -fdollars-in-identifiers conftest.c >&5
configure:3983: $? = 0
configure:3983: result: yes
configure:3983: checking for strings.h
configure:3983: x86_64-linux-gnu-gcc -c -Os -flto -fno-stack-protector -Wno-parentheses-equality -Wno-unused-variable -fPIC  -fdollars-in-identifiers conftest.c >&5
configure:3983: $? = 0
configure:3983: result: yes
configure:3983: checking for inttypes.h
configure:3983: x86_64-linux-gnu-gcc -c -Os -flto -fno-stack-protector -Wno-parentheses-equality -Wno-unused-variable -fPIC  -fdollars-in-identifiers conftest.c >&5
configure:3983: $? = 0
configure:3983: result: yes
configure:3983: checking for stdint.h
configure:3983: x86_64-linux-gnu-gcc -c -Os -flto -fno-stack-protector -Wno-parentheses-equality -Wno-unused-variable -fPIC  -fdollars-in-identifiers conftest.c >&5
configure:3983: $? = 0
configure:3983: result: yes
configure:3983: checking for unistd.h
configure:3983: x86_64-linux-gnu-gcc -c -Os -flto -fno-stack-protector -Wno-parentheses-equality -Wno-unused-variable -fPIC  -fdollars-in-identifiers conftest.c >&5
configure:3983: $? = 0
configure:3983: result: yes
configure:3995: checking for size_t
configure:3995: x86_64-linux-gnu-gcc -c -Os -flto -fno-stack-protector -Wno-parentheses-equality -Wno-unused-variable -fPIC  -fdollars-in-identifiers conftest.c >&5
configure:3995: $? = 0
configure:3995: x86_64-linux-gnu-gcc -c -Os -flto -fno-stack-protector -Wno-parentheses-equality -Wno-unused-variable -fPIC  -fdollars-in-identifiers conftest.c >&5
conftest.c: In function 'main':
conftest.c:54:21: error: expected expression before ')' token
 if (sizeof ((size_t)))
                     ^
conftest.c: At top level:
cc1: warning: unrecognized command line option "-Wno-parentheses-equality" [enabled by default]
configure:3995: $? = 1
configure: failed program was:
| /* confdefs.h */
| #define PACKAGE_NAME "OpenModelica Exported FMU"
| #define PACKAGE_TARNAME "openmodelica"
| #define PACKAGE_VERSION "dev"
| #define PACKAGE_STRING "OpenModelica Exported FMU dev"
| #define PACKAGE_BUGREPORT "https://trac.openmodelica.org/OpenModelica"
| #define PACKAGE_URL "https://openmodelica.org"
| #define HAVE_SYS_TYPES_H 1
| #define HAVE_SYS_STAT_H 1
| #define HAVE_STDLIB_H 1
| #define HAVE_STRING_H 1
| #define HAVE_MEMORY_H 1
| #define HAVE_STRINGS_H 1
| #define HAVE_INTTYPES_H 1
| #define HAVE_STDINT_H 1
| #define HAVE_UNISTD_H 1
| /* end confdefs.h.  */
| #include <stdio.h>
| #ifdef HAVE_SYS_TYPES_H
| # include <sys/types.h>
| #endif
| #ifdef HAVE_SYS_STAT_H
| # include <sys/stat.h>
| #endif
| #ifdef STDC_HEADERS
| # include <stdlib.h>
| # include <stddef.h>
| #else
| # ifdef HAVE_STDLIB_H
| #  include <stdlib.h>
| # endif
| #endif
| #ifdef HAVE_STRING_H
| # if !defined STDC_HEADERS && defined HAVE_MEMORY_H
| #  include <memory.h>
| # endif
| # include <string.h>
| #endif
| #ifdef HAVE_STRINGS_H
| # include <strings.h>
| #endif
| #ifdef HAVE_INTTYPES_H
| # include <inttypes.h>
| #endif
| #ifdef HAVE_STDINT_H
| # include <stdint.h>
| #endif
| #ifdef HAVE_UNISTD_H
| # include <unistd.h>
| #endif
| int
| main ()
| {
| if (sizeof ((size_t)))
| 	    return 0;
|   ;
|   return 0;
| }
configure:3995: result: yes
configure:4009: checking for vprintf
configure:4009: x86_64-linux-gnu-gcc -o conftest -Os -flto -fno-stack-protector -Wno-parentheses-equality -Wno-unused-variable -fPIC  -fdollars-in-identifiers -flto -shared -static-libgcc conftest.c  >&5
conftest.c:41:6: warning: conflicting types for built-in function 'vprintf' [enabled by default]
 char vprintf ();
      ^
cc1: warning: unrecognized command line option "-Wno-parentheses-equality" [enabled by default]
configure:4009: $? = 0
configure:4009: result: yes
configure:4015: checking for _doprnt
configure:4015: x86_64-linux-gnu-gcc -o conftest -Os -flto -fno-stack-protector -Wno-parentheses-equality -Wno-unused-variable -fPIC  -fdollars-in-identifiers -flto -shared -static-libgcc conftest.c  >&5
configure:4015: $? = 0
configure:4015: result: yes
configure:4029: checking for strdup
configure:4029: x86_64-linux-gnu-gcc -o conftest -Os -flto -fno-stack-protector -Wno-parentheses-equality -Wno-unused-variable -fPIC  -fdollars-in-identifiers -flto -shared -static-libgcc conftest.c  >&5
conftest.c:43:6: warning: conflicting types for built-in function 'strdup' [enabled by default]
 char strdup ();
      ^
cc1: warning: unrecognized command line option "-Wno-parentheses-equality" [enabled by default]
configure:4029: $? = 0
configure:4029: result: yes
configure:4029: checking for strerror
configure:4029: x86_64-linux-gnu-gcc -o conftest -Os -flto -fno-stack-protector -Wno-parentheses-equality -Wno-unused-variable -fPIC  -fdollars-in-identifiers -flto -shared -static-libgcc conftest.c  >&5
configure:4029: $? = 0
configure:4029: result: yes
configure:4065: checking LAPACK/BLAS flags
configure:4083: x86_64-linux-gnu-gcc -o conftest -Os -flto -fno-stack-protector -Wno-parentheses-equality -Wno-unused-variable -fPIC  -fdollars-in-identifiers -flto -shared -static-libgcc conftest.c  -Wl,--no-undefined >&5
configure:4083: $? = 0
configure:4122: x86_64-linux-gnu-gcc -o conftest -Os -flto -fno-stack-protector -Wno-parentheses-equality -Wno-unused-variable -fPIC  -fdollars-in-identifiers -flto -shared -static-libgcc conftest.c -shared -Wl,-Bstatic -lopenblas  -Wl,-Bdynamic  -Wl,--no-undefined >&5
/usr/bin/ld: cannot find -lopenblas
collect2: error: ld returned 1 exit status
configure:4122: $? = 1
configure: failed program was:
| /* confdefs.h */
| #define PACKAGE_NAME "OpenModelica Exported FMU"
| #define PACKAGE_TARNAME "openmodelica"
| #define PACKAGE_VERSION "dev"
| #define PACKAGE_STRING "OpenModelica Exported FMU dev"
| #define PACKAGE_BUGREPORT "https://trac.openmodelica.org/OpenModelica"
| #define PACKAGE_URL "https://openmodelica.org"
| #define HAVE_SYS_TYPES_H 1
| #define HAVE_SYS_STAT_H 1
| #define HAVE_STDLIB_H 1
| #define HAVE_STRING_H 1
| #define HAVE_MEMORY_H 1
| #define HAVE_STRINGS_H 1
| #define HAVE_INTTYPES_H 1
| #define HAVE_STDINT_H 1
| #define HAVE_UNISTD_H 1
| #define HAVE_VPRINTF 1
| #define HAVE_DOPRNT 1
| #define HAVE_STRDUP 1
| #define HAVE_STRERROR 1
| /* end confdefs.h.  */
| 
| /* Override any GCC internal prototype to avoid an error.
|    Use char because int might match the return type of a GCC
|    builtin and then its argument prototype would still apply.  */
| #ifdef __cplusplus
| extern "C"
| #endif
| char dgesv_ ();
| int
| main ()
| {
| return dgesv_ ();
|   ;
|   return 0;
| }
configure:4122: x86_64-linux-gnu-gcc -o conftest -Os -flto -fno-stack-protector -Wno-parentheses-equality -Wno-unused-variable -fPIC  -fdollars-in-identifiers -flto -shared -static-libgcc conftest.c -shared -Wl,-Bstatic -lopenblas -lgfortran -Wl,-Bdynamic  -Wl,--no-undefined >&5
/usr/bin/ld: cannot find -lopenblas
/usr/bin/ld: cannot find -lgfortran
collect2: error: ld returned 1 exit status
configure:4122: $? = 1
configure: failed program was:
| /* confdefs.h */
| #define PACKAGE_NAME "OpenModelica Exported FMU"
| #define PACKAGE_TARNAME "openmodelica"
| #define PACKAGE_VERSION "dev"
| #define PACKAGE_STRING "OpenModelica Exported FMU dev"
| #define PACKAGE_BUGREPORT "https://trac.openmodelica.org/OpenModelica"
| #define PACKAGE_URL "https://openmodelica.org"
| #define HAVE_SYS_TYPES_H 1
| #define HAVE_SYS_STAT_H 1
| #define HAVE_STDLIB_H 1
| #define HAVE_STRING_H 1
| #define HAVE_MEMORY_H 1
| #define HAVE_STRINGS_H 1
| #define HAVE_INTTYPES_H 1
| #define HAVE_STDINT_H 1
| #define HAVE_UNISTD_H 1
| #define HAVE_VPRINTF 1
| #define HAVE_DOPRNT 1
| #define HAVE_STRDUP 1
| #define HAVE_STRERROR 1
| /* end confdefs.h.  */
| 
| /* Override any GCC internal prototype to avoid an error.
|    Use char because int might match the return type of a GCC
|    builtin and then its argument prototype would still apply.  */
| #ifdef __cplusplus
| extern "C"
| #endif
| char dgesv_ ();
| int
| main ()
| {
| return dgesv_ ();
|   ;
|   return 0;
| }
configure:4122: x86_64-linux-gnu-gcc -o conftest -Os -flto -fno-stack-protector -Wno-parentheses-equality -Wno-unused-variable -fPIC  -fdollars-in-identifiers -flto -shared -static-libgcc conftest.c -shared -Wl,-Bstatic -lopenblas -lgfortran -lquadmath -Wl,-Bdynamic  -Wl,--no-undefined >&5
/usr/bin/ld: cannot find -lopenblas
/usr/bin/ld: cannot find -lgfortran
collect2: error: ld returned 1 exit status
configure:4122: $? = 1
configure: failed program was:
| /* confdefs.h */
| #define PACKAGE_NAME "OpenModelica Exported FMU"
| #define PACKAGE_TARNAME "openmodelica"
| #define PACKAGE_VERSION "dev"
| #define PACKAGE_STRING "OpenModelica Exported FMU dev"
| #define PACKAGE_BUGREPORT "https://trac.openmodelica.org/OpenModelica"
| #define PACKAGE_URL "https://openmodelica.org"
| #define HAVE_SYS_TYPES_H 1
| #define HAVE_SYS_STAT_H 1
| #define HAVE_STDLIB_H 1
| #define HAVE_STRING_H 1
| #define HAVE_MEMORY_H 1
| #define HAVE_STRINGS_H 1
| #define HAVE_INTTYPES_H 1
| #define HAVE_STDINT_H 1
| #define HAVE_UNISTD_H 1
| #define HAVE_VPRINTF 1
| #define HAVE_DOPRNT 1
| #define HAVE_STRDUP 1
| #define HAVE_STRERROR 1
| /* end confdefs.h.  */
| 
| /* Override any GCC internal prototype to avoid an error.
|    Use char because int might match the return type of a GCC
|    builtin and then its argument prototype would still apply.  */
| #ifdef __cplusplus
| extern "C"
| #endif
| char dgesv_ ();
| int
| main ()
| {
| return dgesv_ ();
|   ;
|   return 0;
| }
configure:4181: x86_64-linux-gnu-gcc -o conftest -Os -flto -fno-stack-protector -Wno-parentheses-equality -Wno-unused-variable -fPIC  -fdollars-in-identifiers -flto -shared -static-libgcc conftest.c -shared -Wl,-Bstatic -lopenblas -Wl,-Bdynamic -lm  -Wl,--no-undefined >&5
/usr/bin/ld: cannot find -lopenblas
collect2: error: ld returned 1 exit status
configure:4181: $? = 1
configure: failed program was:
| /* confdefs.h */
| #define PACKAGE_NAME "OpenModelica Exported FMU"
| #define PACKAGE_TARNAME "openmodelica"
| #define PACKAGE_VERSION "dev"
| #define PACKAGE_STRING "OpenModelica Exported FMU dev"
| #define PACKAGE_BUGREPORT "https://trac.openmodelica.org/OpenModelica"
| #define PACKAGE_URL "https://openmodelica.org"
| #define HAVE_SYS_TYPES_H 1
| #define HAVE_SYS_STAT_H 1
| #define HAVE_STDLIB_H 1
| #define HAVE_STRING_H 1
| #define HAVE_MEMORY_H 1
| #define HAVE_STRINGS_H 1
| #define HAVE_INTTYPES_H 1
| #define HAVE_STDINT_H 1
| #define HAVE_UNISTD_H 1
| #define HAVE_VPRINTF 1
| #define HAVE_DOPRNT 1
| #define HAVE_STRDUP 1
| #define HAVE_STRERROR 1
| /* end confdefs.h.  */
| 
| /* Override any GCC internal prototype to avoid an error.
|    Use char because int might match the return type of a GCC
|    builtin and then its argument prototype would still apply.  */
| #ifdef __cplusplus
| extern "C"
| #endif
| char dgesv_ ();
| int
| main ()
| {
| return dgesv_ ();
|   ;
|   return 0;
| }
configure:4181: x86_64-linux-gnu-gcc -o conftest -Os -flto -fno-stack-protector -Wno-parentheses-equality -Wno-unused-variable -fPIC  -fdollars-in-identifiers -flto -shared -static-libgcc conftest.c -shared -Wl,-Bstatic -lopenblas -Wl,-Bdynamic -lpthread  -Wl,--no-undefined >&5
/usr/bin/ld: cannot find -lopenblas
collect2: error: ld returned 1 exit status
configure:4181: $? = 1
configure: failed program was:
| /* confdefs.h */
| #define PACKAGE_NAME "OpenModelica Exported FMU"
| #define PACKAGE_TARNAME "openmodelica"
| #define PACKAGE_VERSION "dev"
| #define PACKAGE_STRING "OpenModelica Exported FMU dev"
| #define PACKAGE_BUGREPORT "https://trac.openmodelica.org/OpenModelica"
| #define PACKAGE_URL "https://openmodelica.org"
| #define HAVE_SYS_TYPES_H 1
| #define HAVE_SYS_STAT_H 1
| #define HAVE_STDLIB_H 1
| #define HAVE_STRING_H 1
| #define HAVE_MEMORY_H 1
| #define HAVE_STRINGS_H 1
| #define HAVE_INTTYPES_H 1
| #define HAVE_STDINT_H 1
| #define HAVE_UNISTD_H 1
| #define HAVE_VPRINTF 1
| #define HAVE_DOPRNT 1
| #define HAVE_STRDUP 1
| #define HAVE_STRERROR 1
| /* end confdefs.h.  */
| 
| /* Override any GCC internal prototype to avoid an error.
|    Use char because int might match the return type of a GCC
|    builtin and then its argument prototype would still apply.  */
| #ifdef __cplusplus
| extern "C"
| #endif
| char dgesv_ ();
| int
| main ()
| {
| return dgesv_ ();
|   ;
|   return 0;
| }
configure:4181: x86_64-linux-gnu-gcc -o conftest -Os -flto -fno-stack-protector -Wno-parentheses-equality -Wno-unused-variable -fPIC  -fdollars-in-identifiers -flto -shared -static-libgcc conftest.c -shared -Wl,-Bstatic -lopenblas -Wl,-Bdynamic -lm -lpthread  -Wl,--no-undefined >&5
/usr/bin/ld: cannot find -lopenblas
collect2: error: ld returned 1 exit status
configure:4181: $? = 1
configure: failed program was:
| /* confdefs.h */
| #define PACKAGE_NAME "OpenModelica Exported FMU"
| #define PACKAGE_TARNAME "openmodelica"
| #define PACKAGE_VERSION "dev"
| #define PACKAGE_STRING "OpenModelica Exported FMU dev"
| #define PACKAGE_BUGREPORT "https://trac.openmodelica.org/OpenModelica"
| #define PACKAGE_URL "https://openmodelica.org"
| #define HAVE_SYS_TYPES_H 1
| #define HAVE_SYS_STAT_H 1
| #define HAVE_STDLIB_H 1
| #define HAVE_STRING_H 1
| #define HAVE_MEMORY_H 1
| #define HAVE_STRINGS_H 1
| #define HAVE_INTTYPES_H 1
| #define HAVE_STDINT_H 1
| #define HAVE_UNISTD_H 1
| #define HAVE_VPRINTF 1
| #define HAVE_DOPRNT 1
| #define HAVE_STRDUP 1
| #define HAVE_STRERROR 1
| /* end confdefs.h.  */
| 
| /* Override any GCC internal prototype to avoid an error.
|    Use char because int might match the return type of a GCC
|    builtin and then its argument prototype would still apply.  */
| #ifdef __cplusplus
| extern "C"
| #endif
| char dgesv_ ();
| int
| main ()
| {
| return dgesv_ ();
|   ;
|   return 0;
| }
configure:4122: x86_64-linux-gnu-gcc -o conftest -Os -flto -fno-stack-protector -Wno-parentheses-equality -Wno-unused-variable -fPIC  -fdollars-in-identifiers -flto -shared -static-libgcc conftest.c -shared -Wl,-Bstatic   -Wl,-Bdynamic  -Wl,--no-undefined >&5
/tmp/ccVusWzf.ltrans0.ltrans.o: In function `main':
<artificial>:(.text.startup+0x4): undefined reference to `dgesv_'
collect2: error: ld returned 1 exit status
configure:4122: $? = 1
configure: failed program was:
| /* confdefs.h */
| #define PACKAGE_NAME "OpenModelica Exported FMU"
| #define PACKAGE_TARNAME "openmodelica"
| #define PACKAGE_VERSION "dev"
| #define PACKAGE_STRING "OpenModelica Exported FMU dev"
| #define PACKAGE_BUGREPORT "https://trac.openmodelica.org/OpenModelica"
| #define PACKAGE_URL "https://openmodelica.org"
| #define HAVE_SYS_TYPES_H 1
| #define HAVE_SYS_STAT_H 1
| #define HAVE_STDLIB_H 1
| #define HAVE_STRING_H 1
| #define HAVE_MEMORY_H 1
| #define HAVE_STRINGS_H 1
| #define HAVE_INTTYPES_H 1
| #define HAVE_STDINT_H 1
| #define HAVE_UNISTD_H 1
| #define HAVE_VPRINTF 1
| #define HAVE_DOPRNT 1
| #define HAVE_STRDUP 1
| #define HAVE_STRERROR 1
| /* end confdefs.h.  */
| 
| /* Override any GCC internal prototype to avoid an error.
|    Use char because int might match the return type of a GCC
|    builtin and then its argument prototype would still apply.  */
| #ifdef __cplusplus
| extern "C"
| #endif
| char dgesv_ ();
| int
| main ()
| {
| return dgesv_ ();
|   ;
|   return 0;
| }
configure:4122: x86_64-linux-gnu-gcc -o conftest -Os -flto -fno-stack-protector -Wno-parentheses-equality -Wno-unused-variable -fPIC  -fdollars-in-identifiers -flto -shared -static-libgcc conftest.c -shared -Wl,-Bstatic  -lgfortran -Wl,-Bdynamic  -Wl,--no-undefined >&5
/usr/bin/ld: cannot find -lgfortran
collect2: error: ld returned 1 exit status
configure:4122: $? = 1
configure: failed program was:
| /* confdefs.h */
| #define PACKAGE_NAME "OpenModelica Exported FMU"
| #define PACKAGE_TARNAME "openmodelica"
| #define PACKAGE_VERSION "dev"
| #define PACKAGE_STRING "OpenModelica Exported FMU dev"
| #define PACKAGE_BUGREPORT "https://trac.openmodelica.org/OpenModelica"
| #define PACKAGE_URL "https://openmodelica.org"
| #define HAVE_SYS_TYPES_H 1
| #define HAVE_SYS_STAT_H 1
| #define HAVE_STDLIB_H 1
| #define HAVE_STRING_H 1
| #define HAVE_MEMORY_H 1
| #define HAVE_STRINGS_H 1
| #define HAVE_INTTYPES_H 1
| #define HAVE_STDINT_H 1
| #define HAVE_UNISTD_H 1
| #define HAVE_VPRINTF 1
| #define HAVE_DOPRNT 1
| #define HAVE_STRDUP 1
| #define HAVE_STRERROR 1
| /* end confdefs.h.  */
| 
| /* Override any GCC internal prototype to avoid an error.
|    Use char because int might match the return type of a GCC
|    builtin and then its argument prototype would still apply.  */
| #ifdef __cplusplus
| extern "C"
| #endif
| char dgesv_ ();
| int
| main ()
| {
| return dgesv_ ();
|   ;
|   return 0;
| }
configure:4122: x86_64-linux-gnu-gcc -o conftest -Os -flto -fno-stack-protector -Wno-parentheses-equality -Wno-unused-variable -fPIC  -fdollars-in-identifiers -flto -shared -static-libgcc conftest.c -shared -Wl,-Bstatic  -lgfortran -lquadmath -Wl,-Bdynamic  -Wl,--no-undefined >&5
/usr/bin/ld: cannot find -lgfortran
collect2: error: ld returned 1 exit status
configure:4122: $? = 1
configure: failed program was:
| /* confdefs.h */
| #define PACKAGE_NAME "OpenModelica Exported FMU"
| #define PACKAGE_TARNAME "openmodelica"
| #define PACKAGE_VERSION "dev"
| #define PACKAGE_STRING "OpenModelica Exported FMU dev"
| #define PACKAGE_BUGREPORT "https://trac.openmodelica.org/OpenModelica"
| #define PACKAGE_URL "https://openmodelica.org"
| #define HAVE_SYS_TYPES_H 1
| #define HAVE_SYS_STAT_H 1
| #define HAVE_STDLIB_H 1
| #define HAVE_STRING_H 1
| #define HAVE_MEMORY_H 1
| #define HAVE_STRINGS_H 1
| #define HAVE_INTTYPES_H 1
| #define HAVE_STDINT_H 1
| #define HAVE_UNISTD_H 1
| #define HAVE_VPRINTF 1
| #define HAVE_DOPRNT 1
| #define HAVE_STRDUP 1
| #define HAVE_STRERROR 1
| /* end confdefs.h.  */
| 
| /* Override any GCC internal prototype to avoid an error.
|    Use char because int might match the return type of a GCC
|    builtin and then its argument prototype would still apply.  */
| #ifdef __cplusplus
| extern "C"
| #endif
| char dgesv_ ();
| int
| main ()
| {
| return dgesv_ ();
|   ;
|   return 0;
| }
configure:4181: x86_64-linux-gnu-gcc -o conftest -Os -flto -fno-stack-protector -Wno-parentheses-equality -Wno-unused-variable -fPIC  -fdollars-in-identifiers -flto -shared -static-libgcc conftest.c -shared -Wl,-Bstatic  -Wl,-Bdynamic -lm  -Wl,--no-undefined >&5
/tmp/cc7VgtGk.ltrans0.ltrans.o: In function `main':
<artificial>:(.text.startup+0x4): undefined reference to `dgesv_'
collect2: error: ld returned 1 exit status
configure:4181: $? = 1
configure: failed program was:
| /* confdefs.h */
| #define PACKAGE_NAME "OpenModelica Exported FMU"
| #define PACKAGE_TARNAME "openmodelica"
| #define PACKAGE_VERSION "dev"
| #define PACKAGE_STRING "OpenModelica Exported FMU dev"
| #define PACKAGE_BUGREPORT "https://trac.openmodelica.org/OpenModelica"
| #define PACKAGE_URL "https://openmodelica.org"
| #define HAVE_SYS_TYPES_H 1
| #define HAVE_SYS_STAT_H 1
| #define HAVE_STDLIB_H 1
| #define HAVE_STRING_H 1
| #define HAVE_MEMORY_H 1
| #define HAVE_STRINGS_H 1
| #define HAVE_INTTYPES_H 1
| #define HAVE_STDINT_H 1
| #define HAVE_UNISTD_H 1
| #define HAVE_VPRINTF 1
| #define HAVE_DOPRNT 1
| #define HAVE_STRDUP 1
| #define HAVE_STRERROR 1
| /* end confdefs.h.  */
| 
| /* Override any GCC internal prototype to avoid an error.
|    Use char because int might match the return type of a GCC
|    builtin and then its argument prototype would still apply.  */
| #ifdef __cplusplus
| extern "C"
| #endif
| char dgesv_ ();
| int
| main ()
| {
| return dgesv_ ();
|   ;
|   return 0;
| }
configure:4181: x86_64-linux-gnu-gcc -o conftest -Os -flto -fno-stack-protector -Wno-parentheses-equality -Wno-unused-variable -fPIC  -fdollars-in-identifiers -flto -shared -static-libgcc conftest.c -shared -Wl,-Bstatic  -Wl,-Bdynamic -lpthread  -Wl,--no-undefined >&5
/tmp/cc52yFkq.ltrans0.ltrans.o: In function `main':
<artificial>:(.text.startup+0x4): undefined reference to `dgesv_'
collect2: error: ld returned 1 exit status
configure:4181: $? = 1
configure: failed program was:
| /* confdefs.h */
| #define PACKAGE_NAME "OpenModelica Exported FMU"
| #define PACKAGE_TARNAME "openmodelica"
| #define PACKAGE_VERSION "dev"
| #define PACKAGE_STRING "OpenModelica Exported FMU dev"
| #define PACKAGE_BUGREPORT "https://trac.openmodelica.org/OpenModelica"
| #define PACKAGE_URL "https://openmodelica.org"
| #define HAVE_SYS_TYPES_H 1
| #define HAVE_SYS_STAT_H 1
| #define HAVE_STDLIB_H 1
| #define HAVE_STRING_H 1
| #define HAVE_MEMORY_H 1
| #define HAVE_STRINGS_H 1
| #define HAVE_INTTYPES_H 1
| #define HAVE_STDINT_H 1
| #define HAVE_UNISTD_H 1
| #define HAVE_VPRINTF 1
| #define HAVE_DOPRNT 1
| #define HAVE_STRDUP 1
| #define HAVE_STRERROR 1
| /* end confdefs.h.  */
| 
| /* Override any GCC internal prototype to avoid an error.
|    Use char because int might match the return type of a GCC
|    builtin and then its argument prototype would still apply.  */
| #ifdef __cplusplus
| extern "C"
| #endif
| char dgesv_ ();
| int
| main ()
| {
| return dgesv_ ();
|   ;
|   return 0;
| }
configure:4181: x86_64-linux-gnu-gcc -o conftest -Os -flto -fno-stack-protector -Wno-parentheses-equality -Wno-unused-variable -fPIC  -fdollars-in-identifiers -flto -shared -static-libgcc conftest.c -shared -Wl,-Bstatic  -Wl,-Bdynamic -lm -lpthread  -Wl,--no-undefined >&5
/tmp/ccfpp7sh.ltrans0.ltrans.o: In function `main':
<artificial>:(.text.startup+0x4): undefined reference to `dgesv_'
collect2: error: ld returned 1 exit status
configure:4181: $? = 1
configure: failed program was:
| /* confdefs.h */
| #define PACKAGE_NAME "OpenModelica Exported FMU"
| #define PACKAGE_TARNAME "openmodelica"
| #define PACKAGE_VERSION "dev"
| #define PACKAGE_STRING "OpenModelica Exported FMU dev"
| #define PACKAGE_BUGREPORT "https://trac.openmodelica.org/OpenModelica"
| #define PACKAGE_URL "https://openmodelica.org"
| #define HAVE_SYS_TYPES_H 1
| #define HAVE_SYS_STAT_H 1
| #define HAVE_STDLIB_H 1
| #define HAVE_STRING_H 1
| #define HAVE_MEMORY_H 1
| #define HAVE_STRINGS_H 1
| #define HAVE_INTTYPES_H 1
| #define HAVE_STDINT_H 1
| #define HAVE_UNISTD_H 1
| #define HAVE_VPRINTF 1
| #define HAVE_DOPRNT 1
| #define HAVE_STRDUP 1
| #define HAVE_STRERROR 1
| /* end confdefs.h.  */
| 
| /* Override any GCC internal prototype to avoid an error.
|    Use char because int might match the return type of a GCC
|    builtin and then its argument prototype would still apply.  */
| #ifdef __cplusplus
| extern "C"
| #endif
| char dgesv_ ();
| int
| main ()
| {
| return dgesv_ ();
|   ;
|   return 0;
| }
configure:4122: x86_64-linux-gnu-gcc -o conftest -Os -flto -fno-stack-protector -Wno-parentheses-equality -Wno-unused-variable -fPIC  -fdollars-in-identifiers -flto -shared -static-libgcc conftest.c -shared -Wl,-Bstatic   -Wl,-Bdynamic  -Wl,--no-undefined >&5
/tmp/ccY7oT5m.ltrans0.ltrans.o: In function `main':
<artificial>:(.text.startup+0x4): undefined reference to `dgesv_'
collect2: error: ld returned 1 exit status
configure:4122: $? = 1
configure: failed program was:
| /* confdefs.h */
| #define PACKAGE_NAME "OpenModelica Exported FMU"
| #define PACKAGE_TARNAME "openmodelica"
| #define PACKAGE_VERSION "dev"
| #define PACKAGE_STRING "OpenModelica Exported FMU dev"
| #define PACKAGE_BUGREPORT "https://trac.openmodelica.org/OpenModelica"
| #define PACKAGE_URL "https://openmodelica.org"
| #define HAVE_SYS_TYPES_H 1
| #define HAVE_SYS_STAT_H 1
| #define HAVE_STDLIB_H 1
| #define HAVE_STRING_H 1
| #define HAVE_MEMORY_H 1
| #define HAVE_STRINGS_H 1
| #define HAVE_INTTYPES_H 1
| #define HAVE_STDINT_H 1
| #define HAVE_UNISTD_H 1
| #define HAVE_VPRINTF 1
| #define HAVE_DOPRNT 1
| #define HAVE_STRDUP 1
| #define HAVE_STRERROR 1
| /* end confdefs.h.  */
| 
| /* Override any GCC internal prototype to avoid an error.
|    Use char because int might match the return type of a GCC
|    builtin and then its argument prototype would still apply.  */
| #ifdef __cplusplus
| extern "C"
| #endif
| char dgesv_ ();
| int
| main ()
| {
| return dgesv_ ();
|   ;
|   return 0;
| }
configure:4122: x86_64-linux-gnu-gcc -o conftest -Os -flto -fno-stack-protector -Wno-parentheses-equality -Wno-unused-variable -fPIC  -fdollars-in-identifiers -flto -shared -static-libgcc conftest.c -shared -Wl,-Bstatic  -lgfortran -Wl,-Bdynamic  -Wl,--no-undefined >&5
/usr/bin/ld: cannot find -lgfortran
collect2: error: ld returned 1 exit status
configure:4122: $? = 1
configure: failed program was:
| /* confdefs.h */
| #define PACKAGE_NAME "OpenModelica Exported FMU"
| #define PACKAGE_TARNAME "openmodelica"
| #define PACKAGE_VERSION "dev"
| #define PACKAGE_STRING "OpenModelica Exported FMU dev"
| #define PACKAGE_BUGREPORT "https://trac.openmodelica.org/OpenModelica"
| #define PACKAGE_URL "https://openmodelica.org"
| #define HAVE_SYS_TYPES_H 1
| #define HAVE_SYS_STAT_H 1
| #define HAVE_STDLIB_H 1
| #define HAVE_STRING_H 1
| #define HAVE_MEMORY_H 1
| #define HAVE_STRINGS_H 1
| #define HAVE_INTTYPES_H 1
| #define HAVE_STDINT_H 1
| #define HAVE_UNISTD_H 1
| #define HAVE_VPRINTF 1
| #define HAVE_DOPRNT 1
| #define HAVE_STRDUP 1
| #define HAVE_STRERROR 1
| /* end confdefs.h.  */
| 
| /* Override any GCC internal prototype to avoid an error.
|    Use char because int might match the return type of a GCC
|    builtin and then its argument prototype would still apply.  */
| #ifdef __cplusplus
| extern "C"
| #endif
| char dgesv_ ();
| int
| main ()
| {
| return dgesv_ ();
|   ;
|   return 0;
| }
configure:4122: x86_64-linux-gnu-gcc -o conftest -Os -flto -fno-stack-protector -Wno-parentheses-equality -Wno-unused-variable -fPIC  -fdollars-in-identifiers -flto -shared -static-libgcc conftest.c -shared -Wl,-Bstatic  -lgfortran -lquadmath -Wl,-Bdynamic  -Wl,--no-undefined >&5
/usr/bin/ld: cannot find -lgfortran
collect2: error: ld returned 1 exit status
configure:4122: $? = 1
configure: failed program was:
| /* confdefs.h */
| #define PACKAGE_NAME "OpenModelica Exported FMU"
| #define PACKAGE_TARNAME "openmodelica"
| #define PACKAGE_VERSION "dev"
| #define PACKAGE_STRING "OpenModelica Exported FMU dev"
| #define PACKAGE_BUGREPORT "https://trac.openmodelica.org/OpenModelica"
| #define PACKAGE_URL "https://openmodelica.org"
| #define HAVE_SYS_TYPES_H 1
| #define HAVE_SYS_STAT_H 1
| #define HAVE_STDLIB_H 1
| #define HAVE_STRING_H 1
| #define HAVE_MEMORY_H 1
| #define HAVE_STRINGS_H 1
| #define HAVE_INTTYPES_H 1
| #define HAVE_STDINT_H 1
| #define HAVE_UNISTD_H 1
| #define HAVE_VPRINTF 1
| #define HAVE_DOPRNT 1
| #define HAVE_STRDUP 1
| #define HAVE_STRERROR 1
| /* end confdefs.h.  */
| 
| /* Override any GCC internal prototype to avoid an error.
|    Use char because int might match the return type of a GCC
|    builtin and then its argument prototype would still apply.  */
| #ifdef __cplusplus
| extern "C"
| #endif
| char dgesv_ ();
| int
| main ()
| {
| return dgesv_ ();
|   ;
|   return 0;
| }
configure:4181: x86_64-linux-gnu-gcc -o conftest -Os -flto -fno-stack-protector -Wno-parentheses-equality -Wno-unused-variable -fPIC  -fdollars-in-identifiers -flto -shared -static-libgcc conftest.c -shared -Wl,-Bstatic  -Wl,-Bdynamic -lm  -Wl,--no-undefined >&5
/tmp/ccKQL5Sq.ltrans0.ltrans.o: In function `main':
<artificial>:(.text.startup+0x4): undefined reference to `dgesv_'
collect2: error: ld returned 1 exit status
configure:4181: $? = 1
configure: failed program was:
| /* confdefs.h */
| #define PACKAGE_NAME "OpenModelica Exported FMU"
| #define PACKAGE_TARNAME "openmodelica"
| #define PACKAGE_VERSION "dev"
| #define PACKAGE_STRING "OpenModelica Exported FMU dev"
| #define PACKAGE_BUGREPORT "https://trac.openmodelica.org/OpenModelica"
| #define PACKAGE_URL "https://openmodelica.org"
| #define HAVE_SYS_TYPES_H 1
| #define HAVE_SYS_STAT_H 1
| #define HAVE_STDLIB_H 1
| #define HAVE_STRING_H 1
| #define HAVE_MEMORY_H 1
| #define HAVE_STRINGS_H 1
| #define HAVE_INTTYPES_H 1
| #define HAVE_STDINT_H 1
| #define HAVE_UNISTD_H 1
| #define HAVE_VPRINTF 1
| #define HAVE_DOPRNT 1
| #define HAVE_STRDUP 1
| #define HAVE_STRERROR 1
| /* end confdefs.h.  */
| 
| /* Override any GCC internal prototype to avoid an error.
|    Use char because int might match the return type of a GCC
|    builtin and then its argument prototype would still apply.  */
| #ifdef __cplusplus
| extern "C"
| #endif
| char dgesv_ ();
| int
| main ()
| {
| return dgesv_ ();
|   ;
|   return 0;
| }
configure:4181: x86_64-linux-gnu-gcc -o conftest -Os -flto -fno-stack-protector -Wno-parentheses-equality -Wno-unused-variable -fPIC  -fdollars-in-identifiers -flto -shared -static-libgcc conftest.c -shared -Wl,-Bstatic  -Wl,-Bdynamic -lpthread  -Wl,--no-undefined >&5
/tmp/cc3MzWWt.ltrans0.ltrans.o: In function `main':
<artificial>:(.text.startup+0x4): undefined reference to `dgesv_'
collect2: error: ld returned 1 exit status
configure:4181: $? = 1
configure: failed program was:
| /* confdefs.h */
| #define PACKAGE_NAME "OpenModelica Exported FMU"
| #define PACKAGE_TARNAME "openmodelica"
| #define PACKAGE_VERSION "dev"
| #define PACKAGE_STRING "OpenModelica Exported FMU dev"
| #define PACKAGE_BUGREPORT "https://trac.openmodelica.org/OpenModelica"
| #define PACKAGE_URL "https://openmodelica.org"
| #define HAVE_SYS_TYPES_H 1
| #define HAVE_SYS_STAT_H 1
| #define HAVE_STDLIB_H 1
| #define HAVE_STRING_H 1
| #define HAVE_MEMORY_H 1
| #define HAVE_STRINGS_H 1
| #define HAVE_INTTYPES_H 1
| #define HAVE_STDINT_H 1
| #define HAVE_UNISTD_H 1
| #define HAVE_VPRINTF 1
| #define HAVE_DOPRNT 1
| #define HAVE_STRDUP 1
| #define HAVE_STRERROR 1
| /* end confdefs.h.  */
| 
| /* Override any GCC internal prototype to avoid an error.
|    Use char because int might match the return type of a GCC
|    builtin and then its argument prototype would still apply.  */
| #ifdef __cplusplus
| extern "C"
| #endif
| char dgesv_ ();
| int
| main ()
| {
| return dgesv_ ();
|   ;
|   return 0;
| }
configure:4181: x86_64-linux-gnu-gcc -o conftest -Os -flto -fno-stack-protector -Wno-parentheses-equality -Wno-unused-variable -fPIC  -fdollars-in-identifiers -flto -shared -static-libgcc conftest.c -shared -Wl,-Bstatic  -Wl,-Bdynamic -lm -lpthread  -Wl,--no-undefined >&5
/tmp/ccFhbtsz.ltrans0.ltrans.o: In function `main':
<artificial>:(.text.startup+0x4): undefined reference to `dgesv_'
collect2: error: ld returned 1 exit status
configure:4181: $? = 1
configure: failed program was:
| /* confdefs.h */
| #define PACKAGE_NAME "OpenModelica Exported FMU"
| #define PACKAGE_TARNAME "openmodelica"
| #define PACKAGE_VERSION "dev"
| #define PACKAGE_STRING "OpenModelica Exported FMU dev"
| #define PACKAGE_BUGREPORT "https://trac.openmodelica.org/OpenModelica"
| #define PACKAGE_URL "https://openmodelica.org"
| #define HAVE_SYS_TYPES_H 1
| #define HAVE_SYS_STAT_H 1
| #define HAVE_STDLIB_H 1
| #define HAVE_STRING_H 1
| #define HAVE_MEMORY_H 1
| #define HAVE_STRINGS_H 1
| #define HAVE_INTTYPES_H 1
| #define HAVE_STDINT_H 1
| #define HAVE_UNISTD_H 1
| #define HAVE_VPRINTF 1
| #define HAVE_DOPRNT 1
| #define HAVE_STRDUP 1
| #define HAVE_STRERROR 1
| /* end confdefs.h.  */
| 
| /* Override any GCC internal prototype to avoid an error.
|    Use char because int might match the return type of a GCC
|    builtin and then its argument prototype would still apply.  */
| #ifdef __cplusplus
| extern "C"
| #endif
| char dgesv_ ();
| int
| main ()
| {
| return dgesv_ ();
|   ;
|   return 0;
| }
configure:4122: x86_64-linux-gnu-gcc -o conftest -Os -flto -fno-stack-protector -Wno-parentheses-equality -Wno-unused-variable -fPIC  -fdollars-in-identifiers -flto -shared -static-libgcc conftest.c -shared -Wl,-Bstatic -llapack -lblas  -Wl,-Bdynamic  -Wl,--no-undefined >&5
/usr/bin/ld: /usr/lib/gcc/x86_64-linux-gnu/4.8/../../../../lib/libblas.a(dgemm.o): relocation R_X86_64_32 against `.rodata' can not be used when making a shared object; recompile with -fPIC
/usr/lib/gcc/x86_64-linux-gnu/4.8/../../../../lib/libblas.a: error adding symbols: Bad value
collect2: error: ld returned 1 exit status
configure:4122: $? = 1
configure: failed program was:
| /* confdefs.h */
| #define PACKAGE_NAME "OpenModelica Exported FMU"
| #define PACKAGE_TARNAME "openmodelica"
| #define PACKAGE_VERSION "dev"
| #define PACKAGE_STRING "OpenModelica Exported FMU dev"
| #define PACKAGE_BUGREPORT "https://trac.openmodelica.org/OpenModelica"
| #define PACKAGE_URL "https://openmodelica.org"
| #define HAVE_SYS_TYPES_H 1
| #define HAVE_SYS_STAT_H 1
| #define HAVE_STDLIB_H 1
| #define HAVE_STRING_H 1
| #define HAVE_MEMORY_H 1
| #define HAVE_STRINGS_H 1
| #define HAVE_INTTYPES_H 1
| #define HAVE_STDINT_H 1
| #define HAVE_UNISTD_H 1
| #define HAVE_VPRINTF 1
| #define HAVE_DOPRNT 1
| #define HAVE_STRDUP 1
| #define HAVE_STRERROR 1
| /* end confdefs.h.  */
| 
| /* Override any GCC internal prototype to avoid an error.
|    Use char because int might match the return type of a GCC
|    builtin and then its argument prototype would still apply.  */
| #ifdef __cplusplus
| extern "C"
| #endif
| char dgesv_ ();
| int
| main ()
| {
| return dgesv_ ();
|   ;
|   return 0;
| }
configure:4122: x86_64-linux-gnu-gcc -o conftest -Os -flto -fno-stack-protector -Wno-parentheses-equality -Wno-unused-variable -fPIC  -fdollars-in-identifiers -flto -shared -static-libgcc conftest.c -shared -Wl,-Bstatic -llapack -lblas -lgfortran -Wl,-Bdynamic  -Wl,--no-undefined >&5
/usr/bin/ld: /usr/lib/gcc/x86_64-linux-gnu/4.8/../../../../lib/libblas.a(dgemm.o): relocation R_X86_64_32 against `.rodata' can not be used when making a shared object; recompile with -fPIC
/usr/lib/gcc/x86_64-linux-gnu/4.8/../../../../lib/libblas.a: error adding symbols: Bad value
collect2: error: ld returned 1 exit status
configure:4122: $? = 1
configure: failed program was:
| /* confdefs.h */
| #define PACKAGE_NAME "OpenModelica Exported FMU"
| #define PACKAGE_TARNAME "openmodelica"
| #define PACKAGE_VERSION "dev"
| #define PACKAGE_STRING "OpenModelica Exported FMU dev"
| #define PACKAGE_BUGREPORT "https://trac.openmodelica.org/OpenModelica"
| #define PACKAGE_URL "https://openmodelica.org"
| #define HAVE_SYS_TYPES_H 1
| #define HAVE_SYS_STAT_H 1
| #define HAVE_STDLIB_H 1
| #define HAVE_STRING_H 1
| #define HAVE_MEMORY_H 1
| #define HAVE_STRINGS_H 1
| #define HAVE_INTTYPES_H 1
| #define HAVE_STDINT_H 1
| #define HAVE_UNISTD_H 1
| #define HAVE_VPRINTF 1
| #define HAVE_DOPRNT 1
| #define HAVE_STRDUP 1
| #define HAVE_STRERROR 1
| /* end confdefs.h.  */
| 
| /* Override any GCC internal prototype to avoid an error.
|    Use char because int might match the return type of a GCC
|    builtin and then its argument prototype would still apply.  */
| #ifdef __cplusplus
| extern "C"
| #endif
| char dgesv_ ();
| int
| main ()
| {
| return dgesv_ ();
|   ;
|   return 0;
| }
configure:4122: x86_64-linux-gnu-gcc -o conftest -Os -flto -fno-stack-protector -Wno-parentheses-equality -Wno-unused-variable -fPIC  -fdollars-in-identifiers -flto -shared -static-libgcc conftest.c -shared -Wl,-Bstatic -llapack -lblas -lgfortran -lquadmath -Wl,-Bdynamic  -Wl,--no-undefined >&5
/usr/bin/ld: /usr/lib/gcc/x86_64-linux-gnu/4.8/../../../../lib/libblas.a(dgemm.o): relocation R_X86_64_32 against `.rodata' can not be used when making a shared object; recompile with -fPIC
/usr/lib/gcc/x86_64-linux-gnu/4.8/../../../../lib/libblas.a: error adding symbols: Bad value
collect2: error: ld returned 1 exit status
configure:4122: $? = 1
configure: failed program was:
| /* confdefs.h */
| #define PACKAGE_NAME "OpenModelica Exported FMU"
| #define PACKAGE_TARNAME "openmodelica"
| #define PACKAGE_VERSION "dev"
| #define PACKAGE_STRING "OpenModelica Exported FMU dev"
| #define PACKAGE_BUGREPORT "https://trac.openmodelica.org/OpenModelica"
| #define PACKAGE_URL "https://openmodelica.org"
| #define HAVE_SYS_TYPES_H 1
| #define HAVE_SYS_STAT_H 1
| #define HAVE_STDLIB_H 1
| #define HAVE_STRING_H 1
| #define HAVE_MEMORY_H 1
| #define HAVE_STRINGS_H 1
| #define HAVE_INTTYPES_H 1
| #define HAVE_STDINT_H 1
| #define HAVE_UNISTD_H 1
| #define HAVE_VPRINTF 1
| #define HAVE_DOPRNT 1
| #define HAVE_STRDUP 1
| #define HAVE_STRERROR 1
| /* end confdefs.h.  */
| 
| /* Override any GCC internal prototype to avoid an error.
|    Use char because int might match the return type of a GCC
|    builtin and then its argument prototype would still apply.  */
| #ifdef __cplusplus
| extern "C"
| #endif
| char dgesv_ ();
| int
| main ()
| {
| return dgesv_ ();
|   ;
|   return 0;
| }
configure:4181: x86_64-linux-gnu-gcc -o conftest -Os -flto -fno-stack-protector -Wno-parentheses-equality -Wno-unused-variable -fPIC  -fdollars-in-identifiers -flto -shared -static-libgcc conftest.c -shared -Wl,-Bstatic -llapack -lblas -Wl,-Bdynamic -lm  -Wl,--no-undefined >&5
/usr/bin/ld: /usr/lib/gcc/x86_64-linux-gnu/4.8/../../../../lib/libblas.a(dgemm.o): relocation R_X86_64_32 against `.rodata' can not be used when making a shared object; recompile with -fPIC
/usr/lib/gcc/x86_64-linux-gnu/4.8/../../../../lib/libblas.a: error adding symbols: Bad value
collect2: error: ld returned 1 exit status
configure:4181: $? = 1
configure: failed program was:
| /* confdefs.h */
| #define PACKAGE_NAME "OpenModelica Exported FMU"
| #define PACKAGE_TARNAME "openmodelica"
| #define PACKAGE_VERSION "dev"
| #define PACKAGE_STRING "OpenModelica Exported FMU dev"
| #define PACKAGE_BUGREPORT "https://trac.openmodelica.org/OpenModelica"
| #define PACKAGE_URL "https://openmodelica.org"
| #define HAVE_SYS_TYPES_H 1
| #define HAVE_SYS_STAT_H 1
| #define HAVE_STDLIB_H 1
| #define HAVE_STRING_H 1
| #define HAVE_MEMORY_H 1
| #define HAVE_STRINGS_H 1
| #define HAVE_INTTYPES_H 1
| #define HAVE_STDINT_H 1
| #define HAVE_UNISTD_H 1
| #define HAVE_VPRINTF 1
| #define HAVE_DOPRNT 1
| #define HAVE_STRDUP 1
| #define HAVE_STRERROR 1
| /* end confdefs.h.  */
| 
| /* Override any GCC internal prototype to avoid an error.
|    Use char because int might match the return type of a GCC
|    builtin and then its argument prototype would still apply.  */
| #ifdef __cplusplus
| extern "C"
| #endif
| char dgesv_ ();
| int
| main ()
| {
| return dgesv_ ();
|   ;
|   return 0;
| }
configure:4181: x86_64-linux-gnu-gcc -o conftest -Os -flto -fno-stack-protector -Wno-parentheses-equality -Wno-unused-variable -fPIC  -fdollars-in-identifiers -flto -shared -static-libgcc conftest.c -shared -Wl,-Bstatic -llapack -lblas -Wl,-Bdynamic -lpthread  -Wl,--no-undefined >&5
/usr/bin/ld: /usr/lib/gcc/x86_64-linux-gnu/4.8/../../../../lib/libblas.a(dgemm.o): relocation R_X86_64_32 against `.rodata' can not be used when making a shared object; recompile with -fPIC
/usr/lib/gcc/x86_64-linux-gnu/4.8/../../../../lib/libblas.a: error adding symbols: Bad value
collect2: error: ld returned 1 exit status
configure:4181: $? = 1
configure: failed program was:
| /* confdefs.h */
| #define PACKAGE_NAME "OpenModelica Exported FMU"
| #define PACKAGE_TARNAME "openmodelica"
| #define PACKAGE_VERSION "dev"
| #define PACKAGE_STRING "OpenModelica Exported FMU dev"
| #define PACKAGE_BUGREPORT "https://trac.openmodelica.org/OpenModelica"
| #define PACKAGE_URL "https://openmodelica.org"
| #define HAVE_SYS_TYPES_H 1
| #define HAVE_SYS_STAT_H 1
| #define HAVE_STDLIB_H 1
| #define HAVE_STRING_H 1
| #define HAVE_MEMORY_H 1
| #define HAVE_STRINGS_H 1
| #define HAVE_INTTYPES_H 1
| #define HAVE_STDINT_H 1
| #define HAVE_UNISTD_H 1
| #define HAVE_VPRINTF 1
| #define HAVE_DOPRNT 1
| #define HAVE_STRDUP 1
| #define HAVE_STRERROR 1
| /* end confdefs.h.  */
| 
| /* Override any GCC internal prototype to avoid an error.
|    Use char because int might match the return type of a GCC
|    builtin and then its argument prototype would still apply.  */
| #ifdef __cplusplus
| extern "C"
| #endif
| char dgesv_ ();
| int
| main ()
| {
| return dgesv_ ();
|   ;
|   return 0;
| }
configure:4181: x86_64-linux-gnu-gcc -o conftest -Os -flto -fno-stack-protector -Wno-parentheses-equality -Wno-unused-variable -fPIC  -fdollars-in-identifiers -flto -shared -static-libgcc conftest.c -shared -Wl,-Bstatic -llapack -lblas -Wl,-Bdynamic -lm -lpthread  -Wl,--no-undefined >&5
/usr/bin/ld: /usr/lib/gcc/x86_64-linux-gnu/4.8/../../../../lib/libblas.a(dgemm.o): relocation R_X86_64_32 against `.rodata' can not be used when making a shared object; recompile with -fPIC
/usr/lib/gcc/x86_64-linux-gnu/4.8/../../../../lib/libblas.a: error adding symbols: Bad value
collect2: error: ld returned 1 exit status
configure:4181: $? = 1
configure: failed program was:
| /* confdefs.h */
| #define PACKAGE_NAME "OpenModelica Exported FMU"
| #define PACKAGE_TARNAME "openmodelica"
| #define PACKAGE_VERSION "dev"
| #define PACKAGE_STRING "OpenModelica Exported FMU dev"
| #define PACKAGE_BUGREPORT "https://trac.openmodelica.org/OpenModelica"
| #define PACKAGE_URL "https://openmodelica.org"
| #define HAVE_SYS_TYPES_H 1
| #define HAVE_SYS_STAT_H 1
| #define HAVE_STDLIB_H 1
| #define HAVE_STRING_H 1
| #define HAVE_MEMORY_H 1
| #define HAVE_STRINGS_H 1
| #define HAVE_INTTYPES_H 1
| #define HAVE_STDINT_H 1
| #define HAVE_UNISTD_H 1
| #define HAVE_VPRINTF 1
| #define HAVE_DOPRNT 1
| #define HAVE_STRDUP 1
| #define HAVE_STRERROR 1
| /* end confdefs.h.  */
| 
| /* Override any GCC internal prototype to avoid an error.
|    Use char because int might match the return type of a GCC
|    builtin and then its argument prototype would still apply.  */
| #ifdef __cplusplus
| extern "C"
| #endif
| char dgesv_ ();
| int
| main ()
| {
| return dgesv_ ();
|   ;
|   return 0;
| }
configure:4122: x86_64-linux-gnu-gcc -o conftest -Os -flto -fno-stack-protector -Wno-parentheses-equality -Wno-unused-variable -fPIC  -fdollars-in-identifiers -flto -shared -static-libgcc conftest.c -shared -Wl,-Bstatic -llapack -lblas -lm -latlas  -Wl,-Bdynamic  -Wl,--no-undefined >&5
/usr/bin/ld: /usr/lib/gcc/x86_64-linux-gnu/4.8/../../../../lib/libblas.a(dgemm.o): relocation R_X86_64_32 against `.rodata' can not be used when making a shared object; recompile with -fPIC
/usr/lib/gcc/x86_64-linux-gnu/4.8/../../../../lib/libblas.a: error adding symbols: Bad value
collect2: error: ld returned 1 exit status
configure:4122: $? = 1
configure: failed program was:
| /* confdefs.h */
| #define PACKAGE_NAME "OpenModelica Exported FMU"
| #define PACKAGE_TARNAME "openmodelica"
| #define PACKAGE_VERSION "dev"
| #define PACKAGE_STRING "OpenModelica Exported FMU dev"
| #define PACKAGE_BUGREPORT "https://trac.openmodelica.org/OpenModelica"
| #define PACKAGE_URL "https://openmodelica.org"
| #define HAVE_SYS_TYPES_H 1
| #define HAVE_SYS_STAT_H 1
| #define HAVE_STDLIB_H 1
| #define HAVE_STRING_H 1
| #define HAVE_MEMORY_H 1
| #define HAVE_STRINGS_H 1
| #define HAVE_INTTYPES_H 1
| #define HAVE_STDINT_H 1
| #define HAVE_UNISTD_H 1
| #define HAVE_VPRINTF 1
| #define HAVE_DOPRNT 1
| #define HAVE_STRDUP 1
| #define HAVE_STRERROR 1
| /* end confdefs.h.  */
| 
| /* Override any GCC internal prototype to avoid an error.
|    Use char because int might match the return type of a GCC
|    builtin and then its argument prototype would still apply.  */
| #ifdef __cplusplus
| extern "C"
| #endif
| char dgesv_ ();
| int
| main ()
| {
| return dgesv_ ();
|   ;
|   return 0;
| }
configure:4122: x86_64-linux-gnu-gcc -o conftest -Os -flto -fno-stack-protector -Wno-parentheses-equality -Wno-unused-variable -fPIC  -fdollars-in-identifiers -flto -shared -static-libgcc conftest.c -shared -Wl,-Bstatic -llapack -lblas -lm -latlas -lgfortran -Wl,-Bdynamic  -Wl,--no-undefined >&5
/usr/bin/ld: /usr/lib/gcc/x86_64-linux-gnu/4.8/../../../../lib/libblas.a(dgemm.o): relocation R_X86_64_32 against `.rodata' can not be used when making a shared object; recompile with -fPIC
/usr/lib/gcc/x86_64-linux-gnu/4.8/../../../../lib/libblas.a: error adding symbols: Bad value
collect2: error: ld returned 1 exit status
configure:4122: $? = 1
configure: failed program was:
| /* confdefs.h */
| #define PACKAGE_NAME "OpenModelica Exported FMU"
| #define PACKAGE_TARNAME "openmodelica"
| #define PACKAGE_VERSION "dev"
| #define PACKAGE_STRING "OpenModelica Exported FMU dev"
| #define PACKAGE_BUGREPORT "https://trac.openmodelica.org/OpenModelica"
| #define PACKAGE_URL "https://openmodelica.org"
| #define HAVE_SYS_TYPES_H 1
| #define HAVE_SYS_STAT_H 1
| #define HAVE_STDLIB_H 1
| #define HAVE_STRING_H 1
| #define HAVE_MEMORY_H 1
| #define HAVE_STRINGS_H 1
| #define HAVE_INTTYPES_H 1
| #define HAVE_STDINT_H 1
| #define HAVE_UNISTD_H 1
| #define HAVE_VPRINTF 1
| #define HAVE_DOPRNT 1
| #define HAVE_STRDUP 1
| #define HAVE_STRERROR 1
| /* end confdefs.h.  */
| 
| /* Override any GCC internal prototype to avoid an error.
|    Use char because int might match the return type of a GCC
|    builtin and then its argument prototype would still apply.  */
| #ifdef __cplusplus
| extern "C"
| #endif
| char dgesv_ ();
| int
| main ()
| {
| return dgesv_ ();
|   ;
|   return 0;
| }
configure:4122: x86_64-linux-gnu-gcc -o conftest -Os -flto -fno-stack-protector -Wno-parentheses-equality -Wno-unused-variable -fPIC  -fdollars-in-identifiers -flto -shared -static-libgcc conftest.c -shared -Wl,-Bstatic -llapack -lblas -lm -latlas -lgfortran -lquadmath -Wl,-Bdynamic  -Wl,--no-undefined >&5
/usr/bin/ld: /usr/lib/gcc/x86_64-linux-gnu/4.8/../../../../lib/libblas.a(dgemm.o): relocation R_X86_64_32 against `.rodata' can not be used when making a shared object; recompile with -fPIC
/usr/lib/gcc/x86_64-linux-gnu/4.8/../../../../lib/libblas.a: error adding symbols: Bad value
collect2: error: ld returned 1 exit status
configure:4122: $? = 1
configure: failed program was:
| /* confdefs.h */
| #define PACKAGE_NAME "OpenModelica Exported FMU"
| #define PACKAGE_TARNAME "openmodelica"
| #define PACKAGE_VERSION "dev"
| #define PACKAGE_STRING "OpenModelica Exported FMU dev"
| #define PACKAGE_BUGREPORT "https://trac.openmodelica.org/OpenModelica"
| #define PACKAGE_URL "https://openmodelica.org"
| #define HAVE_SYS_TYPES_H 1
| #define HAVE_SYS_STAT_H 1
| #define HAVE_STDLIB_H 1
| #define HAVE_STRING_H 1
| #define HAVE_MEMORY_H 1
| #define HAVE_STRINGS_H 1
| #define HAVE_INTTYPES_H 1
| #define HAVE_STDINT_H 1
| #define HAVE_UNISTD_H 1
| #define HAVE_VPRINTF 1
| #define HAVE_DOPRNT 1
| #define HAVE_STRDUP 1
| #define HAVE_STRERROR 1
| /* end confdefs.h.  */
| 
| /* Override any GCC internal prototype to avoid an error.
|    Use char because int might match the return type of a GCC
|    builtin and then its argument prototype would still apply.  */
| #ifdef __cplusplus
| extern "C"
| #endif
| char dgesv_ ();
| int
| main ()
| {
| return dgesv_ ();
|   ;
|   return 0;
| }
configure:4181: x86_64-linux-gnu-gcc -o conftest -Os -flto -fno-stack-protector -Wno-parentheses-equality -Wno-unused-variable -fPIC  -fdollars-in-identifiers -flto -shared -static-libgcc conftest.c -shared -Wl,-Bstatic -llapack -lblas -lm -latlas -Wl,-Bdynamic -lm  -Wl,--no-undefined >&5
/usr/bin/ld: /usr/lib/gcc/x86_64-linux-gnu/4.8/../../../../lib/libblas.a(dgemm.o): relocation R_X86_64_32 against `.rodata' can not be used when making a shared object; recompile with -fPIC
/usr/lib/gcc/x86_64-linux-gnu/4.8/../../../../lib/libblas.a: error adding symbols: Bad value
collect2: error: ld returned 1 exit status
configure:4181: $? = 1
configure: failed program was:
| /* confdefs.h */
| #define PACKAGE_NAME "OpenModelica Exported FMU"
| #define PACKAGE_TARNAME "openmodelica"
| #define PACKAGE_VERSION "dev"
| #define PACKAGE_STRING "OpenModelica Exported FMU dev"
| #define PACKAGE_BUGREPORT "https://trac.openmodelica.org/OpenModelica"
| #define PACKAGE_URL "https://openmodelica.org"
| #define HAVE_SYS_TYPES_H 1
| #define HAVE_SYS_STAT_H 1
| #define HAVE_STDLIB_H 1
| #define HAVE_STRING_H 1
| #define HAVE_MEMORY_H 1
| #define HAVE_STRINGS_H 1
| #define HAVE_INTTYPES_H 1
| #define HAVE_STDINT_H 1
| #define HAVE_UNISTD_H 1
| #define HAVE_VPRINTF 1
| #define HAVE_DOPRNT 1
| #define HAVE_STRDUP 1
| #define HAVE_STRERROR 1
| /* end confdefs.h.  */
| 
| /* Override any GCC internal prototype to avoid an error.
|    Use char because int might match the return type of a GCC
|    builtin and then its argument prototype would still apply.  */
| #ifdef __cplusplus
| extern "C"
| #endif
| char dgesv_ ();
| int
| main ()
| {
| return dgesv_ ();
|   ;
|   return 0;
| }
configure:4181: x86_64-linux-gnu-gcc -o conftest -Os -flto -fno-stack-protector -Wno-parentheses-equality -Wno-unused-variable -fPIC  -fdollars-in-identifiers -flto -shared -static-libgcc conftest.c -shared -Wl,-Bstatic -llapack -lblas -lm -latlas -Wl,-Bdynamic -lpthread  -Wl,--no-undefined >&5
/usr/bin/ld: /usr/lib/gcc/x86_64-linux-gnu/4.8/../../../../lib/libblas.a(dgemm.o): relocation R_X86_64_32 against `.rodata' can not be used when making a shared object; recompile with -fPIC
/usr/lib/gcc/x86_64-linux-gnu/4.8/../../../../lib/libblas.a: error adding symbols: Bad value
collect2: error: ld returned 1 exit status
configure:4181: $? = 1
configure: failed program was:
| /* confdefs.h */
| #define PACKAGE_NAME "OpenModelica Exported FMU"
| #define PACKAGE_TARNAME "openmodelica"
| #define PACKAGE_VERSION "dev"
| #define PACKAGE_STRING "OpenModelica Exported FMU dev"
| #define PACKAGE_BUGREPORT "https://trac.openmodelica.org/OpenModelica"
| #define PACKAGE_URL "https://openmodelica.org"
| #define HAVE_SYS_TYPES_H 1
| #define HAVE_SYS_STAT_H 1
| #define HAVE_STDLIB_H 1
| #define HAVE_STRING_H 1
| #define HAVE_MEMORY_H 1
| #define HAVE_STRINGS_H 1
| #define HAVE_INTTYPES_H 1
| #define HAVE_STDINT_H 1
| #define HAVE_UNISTD_H 1
| #define HAVE_VPRINTF 1
| #define HAVE_DOPRNT 1
| #define HAVE_STRDUP 1
| #define HAVE_STRERROR 1
| /* end confdefs.h.  */
| 
| /* Override any GCC internal prototype to avoid an error.
|    Use char because int might match the return type of a GCC
|    builtin and then its argument prototype would still apply.  */
| #ifdef __cplusplus
| extern "C"
| #endif
| char dgesv_ ();
| int
| main ()
| {
| return dgesv_ ();
|   ;
|   return 0;
| }
configure:4181: x86_64-linux-gnu-gcc -o conftest -Os -flto -fno-stack-protector -Wno-parentheses-equality -Wno-unused-variable -fPIC  -fdollars-in-identifiers -flto -shared -static-libgcc conftest.c -shared -Wl,-Bstatic -llapack -lblas -lm -latlas -Wl,-Bdynamic -lm -lpthread  -Wl,--no-undefined >&5
/usr/bin/ld: /usr/lib/gcc/x86_64-linux-gnu/4.8/../../../../lib/libblas.a(dgemm.o): relocation R_X86_64_32 against `.rodata' can not be used when making a shared object; recompile with -fPIC
/usr/lib/gcc/x86_64-linux-gnu/4.8/../../../../lib/libblas.a: error adding symbols: Bad value
collect2: error: ld returned 1 exit status
configure:4181: $? = 1
configure: failed program was:
| /* confdefs.h */
| #define PACKAGE_NAME "OpenModelica Exported FMU"
| #define PACKAGE_TARNAME "openmodelica"
| #define PACKAGE_VERSION "dev"
| #define PACKAGE_STRING "OpenModelica Exported FMU dev"
| #define PACKAGE_BUGREPORT "https://trac.openmodelica.org/OpenModelica"
| #define PACKAGE_URL "https://openmodelica.org"
| #define HAVE_SYS_TYPES_H 1
| #define HAVE_SYS_STAT_H 1
| #define HAVE_STDLIB_H 1
| #define HAVE_STRING_H 1
| #define HAVE_MEMORY_H 1
| #define HAVE_STRINGS_H 1
| #define HAVE_INTTYPES_H 1
| #define HAVE_STDINT_H 1
| #define HAVE_UNISTD_H 1
| #define HAVE_VPRINTF 1
| #define HAVE_DOPRNT 1
| #define HAVE_STRDUP 1
| #define HAVE_STRERROR 1
| /* end confdefs.h.  */
| 
| /* Override any GCC internal prototype to avoid an error.
|    Use char because int might match the return type of a GCC
|    builtin and then its argument prototype would still apply.  */
| #ifdef __cplusplus
| extern "C"
| #endif
| char dgesv_ ();
| int
| main ()
| {
| return dgesv_ ();
|   ;
|   return 0;
| }
configure:4223: result: not found
configure:4313: checking for static pthreads
configure:4341: x86_64-linux-gnu-gcc -o conftest -Os -flto -fno-stack-protector -Wno-parentheses-equality -Wno-unused-variable -fPIC  -fdollars-in-identifiers -flto -shared -static-libgcc conftest.c  -Wl,-Bstatic -lpthread -Wl,-Bdynamic -shared >&5
/usr/bin/ld: /usr/lib/gcc/x86_64-linux-gnu/4.8/../../../x86_64-linux-gnu/libpthread.a(pthread_mutex_lock.o): relocation R_X86_64_32 against `.rodata.str1.16' can not be used when making a shared object; recompile with -fPIC
/usr/lib/gcc/x86_64-linux-gnu/4.8/../../../x86_64-linux-gnu/libpthread.a: error adding symbols: Bad value
collect2: error: ld returned 1 exit status
configure:4341: $? = 1
configure: failed program was:
| /* confdefs.h */
| #define PACKAGE_NAME "OpenModelica Exported FMU"
| #define PACKAGE_TARNAME "openmodelica"
| #define PACKAGE_VERSION "dev"
| #define PACKAGE_STRING "OpenModelica Exported FMU dev"
| #define PACKAGE_BUGREPORT "https://trac.openmodelica.org/OpenModelica"
| #define PACKAGE_URL "https://openmodelica.org"
| #define HAVE_SYS_TYPES_H 1
| #define HAVE_SYS_STAT_H 1
| #define HAVE_STDLIB_H 1
| #define HAVE_STRING_H 1
| #define HAVE_MEMORY_H 1
| #define HAVE_STRINGS_H 1
| #define HAVE_INTTYPES_H 1
| #define HAVE_STDINT_H 1
| #define HAVE_UNISTD_H 1
| #define HAVE_VPRINTF 1
| #define HAVE_DOPRNT 1
| #define HAVE_STRDUP 1
| #define HAVE_STRERROR 1
| /* end confdefs.h.  */
| 
| /* Override any GCC internal prototype to avoid an error.
|    Use char because int might match the return type of a GCC
|    builtin and then its argument prototype would still apply.  */
| #ifdef __cplusplus
| extern "C"
| #endif
| char pthread_mutex_lock ();
| int
| main ()
| {
| return pthread_mutex_lock ();
|   ;
|   return 0;
| }
configure:4345: result: no
configure:4354: checking for pthread_mutex_lock in -lpthread
configure:4379: x86_64-linux-gnu-gcc -o conftest -Os -flto -fno-stack-protector -Wno-parentheses-equality -Wno-unused-variable -fPIC  -fdollars-in-identifiers -flto -shared -static-libgcc conftest.c -lpthread   -shared >&5
configure:4379: $? = 0
configure:4388: result: yes
configure:4411: checking for cos in -lm
configure:4436: x86_64-linux-gnu-gcc -o conftest -Os -flto -fno-stack-protector -Wno-parentheses-equality -Wno-unused-variable -fPIC  -fdollars-in-identifiers -flto -shared -static-libgcc conftest.c -lm  -lpthread  -shared >&5
conftest.c:30:6: warning: conflicting types for built-in function 'cos' [enabled by default]
 char cos ();
      ^
cc1: warning: unrecognized command line option "-Wno-parentheses-equality" [enabled by default]
configure:4436: $? = 0
configure:4445: result: yes
configure:4459: checking for filesystem access
configure:4472: x86_64-linux-gnu-gcc -o conftest -Os -flto -fno-stack-protector -Wno-parentheses-equality -Wno-unused-variable -fPIC  -fdollars-in-identifiers -flto -shared -static-libgcc conftest.c -lm -lpthread  -shared >&5
conftest.c: In function 'main':
conftest.c:28:6: warning: ignoring return value of 'fopen', declared with attribute warn_unused_result [-Wunused-result]
 fopen("a.txt", "r");
      ^
conftest.c: At top level:
cc1: warning: unrecognized command line option "-Wno-parentheses-equality" [enabled by default]
configure:4472: $? = 0
configure:4473: result: OK
configure:4678: creating ./config.status

## ---------------------- ##
## Running config.status. ##
## ---------------------- ##

This file was extended by OpenModelica Exported FMU config.status dev, which was
generated by GNU Autoconf 2.69.  Invocation command line was

  CONFIG_FILES    = 
  CONFIG_HEADERS  = 
  CONFIG_LINKS    = 
  CONFIG_COMMANDS = 
  $ ./config.status 

on IQLabs-selmecziz

config.status:745: creating Makefile

## ---------------- ##
## Cache variables. ##
## ---------------- ##

ac_cv_build=x86_64-unknown-linux-gnu
ac_cv_c_compiler_gnu=yes
ac_cv_c_const=yes
ac_cv_env_CC_set=
ac_cv_env_CC_value=
ac_cv_env_CFLAGS_set=set
ac_cv_env_CFLAGS_value='-Os -flto'
ac_cv_env_CPPFLAGS_set=
ac_cv_env_CPPFLAGS_value=
ac_cv_env_CPP_set=
ac_cv_env_CPP_value=
ac_cv_env_LDFLAGS_set=set
ac_cv_env_LDFLAGS_value=-flto
ac_cv_env_LIBS_set=
ac_cv_env_LIBS_value=
ac_cv_env_build_alias_set=
ac_cv_env_build_alias_value=
ac_cv_env_host_alias_set=set
ac_cv_env_host_alias_value=x86_64-linux-gnu
ac_cv_env_target_alias_set=
ac_cv_env_target_alias_value=
ac_cv_func__doprnt=yes
ac_cv_func_strdup=yes
ac_cv_func_strerror=yes
ac_cv_func_vprintf=yes
ac_cv_header_inttypes_h=yes
ac_cv_header_memory_h=yes
ac_cv_header_stdc=no
ac_cv_header_stdint_h=yes
ac_cv_header_stdlib_h=yes
ac_cv_header_string_h=yes
ac_cv_header_strings_h=yes
ac_cv_header_sys_stat_h=yes
ac_cv_header_sys_types_h=yes
ac_cv_header_unistd_h=yes
ac_cv_host=x86_64-pc-linux-gnu
ac_cv_lib_m_cos=yes
ac_cv_lib_pthread_pthread_mutex_lock=yes
ac_cv_objext=o
ac_cv_path_EGREP='/bin/grep -E'
ac_cv_path_GREP=/bin/grep
ac_cv_prog_CC=x86_64-linux-gnu-gcc
ac_cv_prog_CPP='x86_64-linux-gnu-gcc -E'
ac_cv_prog_cc_c89=
ac_cv_prog_cc_g=yes
ac_cv_prog_make_make_set=yes
ac_cv_target=x86_64-pc-linux-gnu
ac_cv_type_size_t=yes

## ----------------- ##
## Output variables. ##
## ----------------- ##

AR=''
CC='x86_64-linux-gnu-gcc'
CFLAGS='-Os -flto -fno-stack-protector -Wno-parentheses-equality -Wno-unused-variable -fPIC'
CPP='x86_64-linux-gnu-gcc -E'
CPPFLAGS=' -fdollars-in-identifiers -DOMC_MINIMAL_RUNTIME=1 -DCMINPACK_NO_DLL=1'
DEFS='-DPACKAGE_NAME=\"OpenModelica\ Exported\ FMU\" -DPACKAGE_TARNAME=\"openmodelica\" -DPACKAGE_VERSION=\"dev\" -DPACKAGE_STRING=\"OpenModelica\ Exported\ FMU\ dev\" -DPACKAGE_BUGREPORT=\"https://trac.openmodelica.org/OpenModelica\" -DPACKAGE_URL=\"https://openmodelica.org\" -DHAVE_SYS_TYPES_H=1 -DHAVE_SYS_STAT_H=1 -DHAVE_STDLIB_H=1 -DHAVE_STRING_H=1 -DHAVE_MEMORY_H=1 -DHAVE_STRINGS_H=1 -DHAVE_INTTYPES_H=1 -DHAVE_STDINT_H=1 -DHAVE_UNISTD_H=1 -DHAVE_VPRINTF=1 -DHAVE_DOPRNT=1 -DHAVE_STRDUP=1 -DHAVE_STRERROR=1 -DHAVE_LIBPTHREAD=1 -DHAVE_LIBM=1'
DLLEXT='.so'
ECHO_C=''
ECHO_N='-n'
ECHO_T=''
EGREP='/bin/grep -E'
EXEEXT=''
FMIPLATFORM='linux64'
GREP='/bin/grep'
LDFLAGS='-flto -shared -static-libgcc'
LIBOBJS=''
LIBS='-lm -lpthread  -shared'
LIBTYPE_DYNAMIC='1'
LIBTYPE_STATIC='0'
LTLIBOBJS=''
NEED_DGESV='1'
NEED_RUNTIME='1'
OBJEXT='o'
PACKAGE_BUGREPORT='https://trac.openmodelica.org/OpenModelica'
PACKAGE_NAME='OpenModelica Exported FMU'
PACKAGE_STRING='OpenModelica Exported FMU dev'
PACKAGE_TARNAME='openmodelica'
PACKAGE_URL='https://openmodelica.org'
PACKAGE_VERSION='dev'
PATH_SEPARATOR=':'
SET_MAKE=''
SHELL='/bin/bash'
ac_ct_CC=''
bindir='${exec_prefix}/bin'
build='x86_64-unknown-linux-gnu'
build_alias=''
build_cpu='x86_64'
build_os='linux-gnu'
build_vendor='unknown'
datadir='${datarootdir}'
datarootdir='${prefix}/share'
docdir='${datarootdir}/doc/${PACKAGE_TARNAME}'
dvidir='${docdir}'
exec_prefix='${prefix}'
host='x86_64-pc-linux-gnu'
host_alias='x86_64-linux-gnu'
host_cpu='x86_64'
host_os='linux-gnu'
host_vendor='pc'
htmldir='${docdir}'
includedir='${prefix}/include'
infodir='${datarootdir}/info'
libdir='${exec_prefix}/lib'
libexecdir='${exec_prefix}/libexec'
localedir='${datarootdir}/locale'
localstatedir='${prefix}/var'
mandir='${datarootdir}/man'
oldincludedir='/usr/include'
pdfdir='${docdir}'
prefix='/usr/local'
program_transform_name='s,x,x,'
psdir='${docdir}'
sbindir='${exec_prefix}/sbin'
sharedstatedir='${prefix}/com'
sysconfdir='${prefix}/etc'
target='x86_64-pc-linux-gnu'
target_alias=''
target_cpu='x86_64'
target_os='linux-gnu'
target_vendor='pc'

## ----------- ##
## confdefs.h. ##
## ----------- ##

/* confdefs.h */
#define PACKAGE_NAME "OpenModelica Exported FMU"
#define PACKAGE_TARNAME "openmodelica"
#define PACKAGE_VERSION "dev"
#define PACKAGE_STRING "OpenModelica Exported FMU dev"
#define PACKAGE_BUGREPORT "https://trac.openmodelica.org/OpenModelica"
#define PACKAGE_URL "https://openmodelica.org"
#define HAVE_SYS_TYPES_H 1
#define HAVE_SYS_STAT_H 1
#define HAVE_STDLIB_H 1
#define HAVE_STRING_H 1
#define HAVE_MEMORY_H 1
#define HAVE_STRINGS_H 1
#define HAVE_INTTYPES_H 1
#define HAVE_STDINT_H 1
#define HAVE_UNISTD_H 1
#define HAVE_VPRINTF 1
#define HAVE_DOPRNT 1
#define HAVE_STRDUP 1
#define HAVE_STRERROR 1
#define HAVE_LIBPTHREAD 1
#define HAVE_LIBM 1

configure: exit 0
